Log file open, 09/25/21 07:24:56
LogWindows: Failed to load 'aqProf.dll' (GetLastError=126)
LogWindows: File 'aqProf.dll' does not exist
LogWindows: Failed to load 'VtuneApi.dll' (GetLastError=126)
LogWindows: File 'VtuneApi.dll' does not exist
LogWindows: Failed to load 'VtuneApi32e.dll' (GetLastError=126)
LogWindows: File 'VtuneApi32e.dll' does not exist
LogConsoleResponse: Display: Failed to find resolution value strings in scalability ini. Falling back to default.
LogConsoleResponse: Display: Failed to find resolution value strings in scalability ini. Falling back to default.
LogInit: Display: Running engine for game: Monuments
LogPlatformFile: Not using cached read wrapper
LogTaskGraph: Started task graph with 5 named threads and 35 total threads with 3 sets of task threads.
LogStats: Stats thread started at 0.199683
LogICUInternationalization: ICU TimeZone Detection - Raw Offset: +5:30, Platform Override: ''
LogInit: Display: Loading text-based GConfig....
LogPluginManager: Mounting plugin MeshPainting
LogPluginManager: Mounting plugin XGEController
LogPluginManager: Mounting plugin Paper2D
LogPluginManager: Mounting plugin AISupport
LogPluginManager: Mounting plugin LiveLink
LogPluginManager: Mounting plugin EnvironmentQueryEditor
LogPluginManager: Mounting plugin LightPropagationVolume
LogPluginManager: Mounting plugin OodleData
LogPluginManager: Mounting plugin OodleNetwork
LogPluginManager: Mounting plugin GameplayCameras
LogPluginManager: Mounting plugin CameraShakePreviewer
LogPluginManager: Mounting plugin DatasmithContent
LogPluginManager: Mounting plugin VariantManagerContent
LogPluginManager: Mounting plugin AutomationUtils
LogPluginManager: Mounting plugin AlembicImporter
LogPluginManager: Mounting plugin BackChannel
LogPluginManager: Mounting plugin ChaosCloth
LogPluginManager: Mounting plugin ChaosClothEditor
LogPluginManager: Mounting plugin ChaosEditor
LogPluginManager: Mounting plugin AssetManagerEditor
LogPluginManager: Mounting plugin MagicLeap
LogPluginManager: Mounting plugin LuminPlatformFeatures
LogPluginManager: Mounting plugin ChaosSolverPlugin
LogPluginManager: Mounting plugin MagicLeapLightEstimation
LogPluginManager: Mounting plugin ChaosNiagara
LogPluginManager: Mounting plugin MagicLeapMedia
LogPluginManager: Mounting plugin MLSDK
LogPluginManager: Mounting plugin MagicLeapPassableWorld
LogPluginManager: Mounting plugin Niagara
LogPluginManager: Mounting plugin AnimationSharing
LogPluginManager: Mounting plugin CLionSourceCodeAccess
LogPluginManager: Mounting plugin CodeLiteSourceCodeAccess
LogPluginManager: Mounting plugin GitSourceControl
LogPluginManager: Mounting plugin KDevelopSourceCodeAccess
LogPluginManager: Mounting plugin NullSourceCodeAccess
LogPluginManager: Mounting plugin PerforceSourceControl
LogPluginManager: Mounting plugin PlasticSourceControl
LogPluginManager: Mounting plugin PixWinPlugin
LogPluginManager: Mounting plugin PluginUtils
LogPluginManager: Mounting plugin PropertyAccessNode
LogPluginManager: Mounting plugin SubversionSourceControl
LogPluginManager: Mounting plugin RiderSourceCodeAccess
LogPluginManager: Mounting plugin UObjectPlugin
LogPluginManager: Mounting plugin XCodeSourceCodeAccess
LogPluginManager: Mounting plugin VisualStudioSourceCodeAccess
LogPluginManager: Mounting plugin VisualStudioCodeSourceCodeAccess
LogPluginManager: Mounting plugin AndroidMedia
LogPluginManager: Mounting plugin TextureFormatOodle
LogPluginManager: Mounting plugin AvfMedia
LogPluginManager: Mounting plugin ImgMedia
LogPluginManager: Mounting plugin MediaCompositing
LogPluginManager: Mounting plugin MediaPlayerEditor
LogPluginManager: Mounting plugin WmfMedia
LogPluginManager: Mounting plugin WebMMedia
LogPluginManager: Mounting plugin TcpMessaging
LogPluginManager: Mounting plugin UdpMessaging
LogPluginManager: Mounting plugin OnlineSubsystem
LogPluginManager: Mounting plugin OnlineSubsystemNull
LogPluginManager: Mounting plugin LauncherChunkInstaller
LogPluginManager: Mounting plugin OnlineSubsystemUtils
LogPluginManager: Mounting plugin ActorSequence
LogPluginManager: Mounting plugin LevelSequenceEditor
LogPluginManager: Mounting plugin MatineeToLevelSequence
LogPluginManager: Mounting plugin TemplateSequence
LogPluginManager: Mounting plugin ActorLayerUtilities
LogPluginManager: Mounting plugin AndroidMoviePlayer
LogPluginManager: Mounting plugin AndroidPermission
LogPluginManager: Mounting plugin AndroidDeviceProfileSelector
LogPluginManager: Mounting plugin AppleMoviePlayer
LogPluginManager: Mounting plugin ArchVisCharacter
LogPluginManager: Mounting plugin AppleImageUtils
LogPluginManager: Mounting plugin AssetTags
LogPluginManager: Mounting plugin CableComponent
LogPluginManager: Mounting plugin AudioSynesthesia
LogPluginManager: Mounting plugin ScreenshotTools
LogPluginManager: Mounting plugin AudioCapture
LogPluginManager: Mounting plugin CustomMeshComponent
LogPluginManager: Mounting plugin ChunkDownloader
LogPluginManager: Mounting plugin EditableMesh
LogPluginManager: Mounting plugin ExampleDeviceProfileSelector
LogPluginManager: Mounting plugin GooglePAD
LogPluginManager: Mounting plugin GoogleCloudMessaging
LogPluginManager: Mounting plugin IOSDeviceProfileSelector
LogPluginManager: Mounting plugin LinuxDeviceProfileSelector
LogPluginManager: Mounting plugin LocationServicesBPLibrary
LogPluginManager: Mounting plugin MobilePatchingUtils
LogPluginManager: Mounting plugin OpenXR
LogPluginManager: Mounting plugin OpenXREyeTracker
LogPluginManager: Mounting plugin OpenXRHandTracking
LogPluginManager: Mounting plugin PhysXVehicles
LogPluginManager: Mounting plugin PostSplashScreen
LogPluginManager: Mounting plugin PropertyAccessEditor
LogPluginManager: Mounting plugin ProceduralMeshComponent
LogPluginManager: Mounting plugin RuntimePhysXCooking
LogPluginManager: Mounting plugin SignificanceManager
LogPluginManager: Mounting plugin SoundFields
LogPluginManager: Mounting plugin Synthesis
LogPluginManager: Mounting plugin WebMMoviePlayer
LogPluginManager: Mounting plugin WindowsMoviePlayer
LogPluginManager: Mounting plugin Takes
LogPluginManager: Mounting plugin CharacterAI
LogPluginManager: Mounting plugin CryptoKeys
LogPluginManager: Mounting plugin DataValidation
LogPluginManager: Mounting plugin FacialAnimation
LogPluginManager: Mounting plugin CurveEditorTools
LogPluginManager: Mounting plugin GameplayTagsEditor
LogPluginManager: Mounting plugin GeometryMode
LogPluginManager: Mounting plugin MacGraphicsSwitching
LogPluginManager: Mounting plugin MaterialAnalyzer
LogPluginManager: Mounting plugin PluginBrowser
LogPluginManager: Mounting plugin MobileLauncherProfileWizard
LogPluginManager: Mounting plugin SpeedTreeImporter
LogPluginManager: Mounting plugin GeometryCache
LogPluginManager: Mounting plugin GeometryCollectionPlugin
LogPluginManager: Mounting plugin GeometryProcessing
LogPluginManager: Mounting plugin OpenImageDenoise
LogPluginManager: Mounting plugin MotoSynth
LogPluginManager: Mounting plugin PlanarCut
LogPluginManager: Mounting plugin PlatformCrypto
LogPluginManager: Mounting plugin ProxyLODPlugin
LogPluginManager: Mounting plugin PythonScriptPlugin
LogPluginManager: Mounting plugin SkeletalReduction
LogPluginManager: Mounting plugin OnlineSubsystemGooglePlay
LogPluginManager: Mounting plugin OnlineSubsystemIOS
LogPluginManager: Mounting plugin OculusVR
LogPluginManager: Mounting plugin SteamVR
LogPluginManager: Mounting plugin ContentBrowserAssetDataSource
LogPluginManager: Mounting plugin ContentBrowserFileDataSource
LogPluginManager: Mounting plugin ContentBrowserClassDataSource
LogLuminAPIImpl: Warning: MLSDK not found.  This likely means the MLSDK environment variable is not set.
PixWinPlugin: PIX capture plugin failed to initialize! Check that the process is launched from PIX.
LogInit: Using libcurl 7.55.1-DEV
LogInit:  - built for x86_64-pc-win32
LogInit:  - supports SSL with OpenSSL/1.1.1
LogInit:  - supports HTTP deflate (compression) using libz 1.2.8
LogInit:  - other features:
LogInit:      CURL_VERSION_SSL
LogInit:      CURL_VERSION_LIBZ
LogInit:      CURL_VERSION_IPV6
LogInit:      CURL_VERSION_ASYNCHDNS
LogInit:      CURL_VERSION_LARGEFILE
LogInit:      CURL_VERSION_IDN
LogInit:  CurlRequestOptions (configurable via config and command line):
LogInit:  - bVerifyPeer = true  - Libcurl will verify peer certificate
LogInit:  - bUseHttpProxy = false  - Libcurl will NOT use HTTP proxy
LogInit:  - bDontReuseConnections = false  - Libcurl will reuse connections
LogInit:  - MaxHostConnections = 16  - Libcurl will limit the number of connections to a host
LogInit:  - LocalHostAddr = Default
LogInit:  - BufferSize = 65536
LogOnline: OSS: Creating online subsystem instance for: NULL
LogInit: WinSock: version 1.1 (2.2), MaxSocks=32767, MaxUdp=65467
LogOnline: OSS: TryLoadSubsystemAndSetDefault: Loaded subsystem for module [NULL]
LogOculusPluginWrapper: OculusPlugin initialized successfully
LogHMD: Failed initializing OVRPlugin 1.59.0
LogInit: Build: ++UE4+Release-4.27-CL-17155196
LogInit: Engine Version: 4.27.0-17155196+++UE4+Release-4.27
LogInit: Compatible Engine Version: 4.27.0-17155196+++UE4+Release-4.27
LogInit: Net CL: 17155196
LogInit: OS: Windows 10 (Release 2009) (), CPU: AMD Ryzen 5 3600 6-Core Processor              , GPU: NVIDIA GeForce RTX 2060
LogInit: Compiled (64-bit): Aug 13 2021 06:13:13
LogInit: Compiled with Visual C++: 19.24.28315.00
LogInit: Build Configuration: Development
LogInit: Branch Name: ++UE4+Release-4.27
LogInit: Command Line:  -EpicPortal -epicusername=StormTruppen -epicuserid=8593b51e1fd64c96a7e3efb72857d4fd -epiclocale=en -epicsandboxid=ue
LogInit: Base Directory: H:/EpicGames/UE_4.27/Engine/Binaries/Win64/
LogInit: Allocator: TBB
LogInit: Installed Engine Build: 1
LogDevObjectVersion: Number of dev versions registered: 29
LogDevObjectVersion:   Dev-Blueprints (B0D832E4-1F89-4F0D-ACCF-7EB736FD4AA2): 10
LogDevObjectVersion:   Dev-Build (E1C64328-A22C-4D53-A36C-8E866417BD8C): 0
LogDevObjectVersion:   Dev-Core (375EC13C-06E4-48FB-B500-84F0262A717E): 4
LogDevObjectVersion:   Dev-Editor (E4B068ED-F494-42E9-A231-DA0B2E46BB41): 40
LogDevObjectVersion:   Dev-Framework (CFFC743F-43B0-4480-9391-14DF171D2073): 37
LogDevObjectVersion:   Dev-Mobile (B02B49B5-BB20-44E9-A304-32B752E40360): 3
LogDevObjectVersion:   Dev-Networking (A4E4105C-59A1-49B5-A7C5-40C4547EDFEE): 0
LogDevObjectVersion:   Dev-Online (39C831C9-5AE6-47DC-9A44-9C173E1C8E7C): 0
LogDevObjectVersion:   Dev-Physics (78F01B33-EBEA-4F98-B9B4-84EACCB95AA2): 14
LogDevObjectVersion:   Dev-Platform (6631380F-2D4D-43E0-8009-CF276956A95A): 0
LogDevObjectVersion:   Dev-Rendering (12F88B9F-8875-4AFC-A67C-D90C383ABD29): 45
LogDevObjectVersion:   Dev-Sequencer (7B5AE74C-D270-4C10-A958-57980B212A5A): 13
LogDevObjectVersion:   Dev-VR (D7296918-1DD6-4BDD-9DE2-64A83CC13884): 3
LogDevObjectVersion:   Dev-LoadTimes (C2A15278-BFE7-4AFE-6C17-90FF531DF755): 1
LogDevObjectVersion:   Private-Geometry (6EACA3D4-40EC-4CC1-B786-8BED09428FC5): 3
LogDevObjectVersion:   Dev-AnimPhys (29E575DD-E0A3-4627-9D10-D276232CDCEA): 17
LogDevObjectVersion:   Dev-Anim (AF43A65D-7FD3-4947-9873-3E8ED9C1BB05): 15
LogDevObjectVersion:   Dev-ReflectionCapture (6B266CEC-1EC7-4B8F-A30B-E4D90942FC07): 1
LogDevObjectVersion:   Dev-Automation (0DF73D61-A23F-47EA-B727-89E90C41499A): 1
LogDevObjectVersion:   FortniteMain (601D1886-AC64-4F84-AA16-D3DE0DEAC7D6): 47
LogDevObjectVersion:   FortniteRelease (E7086368-6B23-4C58-8439-1B7016265E91): 1
LogDevObjectVersion:   Dev-Enterprise (9DFFBCD6-494F-0158-E221-12823C92A888): 10
LogDevObjectVersion:   Dev-Niagara (F2AED0AC-9AFE-416F-8664-AA7FFA26D6FC): 1
LogDevObjectVersion:   Dev-Destruction (174F1F0B-B4C6-45A5-B13F-2EE8D0FB917D): 10
LogDevObjectVersion:   Dev-Physics-Ext (35F94A83-E258-406C-A318-09F59610247C): 41
LogDevObjectVersion:   Dev-PhysicsMaterial-Chaos (B68FC16E-8B1B-42E2-B453-215C058844FE): 1
LogDevObjectVersion:   Dev-CineCamera (B2E18506-4273-CFC2-A54E-F4BB758BBA07): 1
LogDevObjectVersion:   Dev-VirtualProduction (64F58936-FD1B-42BA-BA96-7289D5D0FA4E): 1
LogDevObjectVersion:   Dev-MediaFramework (6F0ED827-A609-4895-9C91-998D90180EA4): 2
LogInit: Presizing for max 25165824 objects, including 0 objects not considered by GC, pre-allocating 0 bytes for permanent pool.
LogConfig: Applying CVar settings from Section [/Script/Engine.StreamingSettings] File [G:/_UNREAL.GIT.WORK/Monuments/Saved/Config/Windows/Engine.ini]
LogConfig: Setting CVar [[s.MinBulkDataSizeForAsyncLoading:131072]]
LogConfig: Setting CVar [[s.AsyncLoadingThreadEnabled:0]]
LogConfig: Setting CVar [[s.EventDrivenLoaderEnabled:1]]
LogConfig: Setting CVar [[s.WarnIfTimeLimitExceeded:0]]
LogConfig: Setting CVar [[s.TimeLimitExceededMultiplier:1.5]]
LogConfig: Setting CVar [[s.TimeLimitExceededMinTime:0.005]]
LogConfig: Setting CVar [[s.UseBackgroundLevelStreaming:1]]
LogConfig: Setting CVar [[s.PriorityAsyncLoadingExtraTime:15.0]]
LogConfig: Setting CVar [[s.LevelStreamingActorsUpdateTimeLimit:5.0]]
LogConfig: Setting CVar [[s.PriorityLevelStreamingActorsUpdateExtraTime:5.0]]
LogConfig: Setting CVar [[s.LevelStreamingComponentsRegistrationGranularity:10]]
LogConfig: Setting CVar [[s.UnregisterComponentsTimeLimit:1.0]]
LogConfig: Setting CVar [[s.LevelStreamingComponentsUnregistrationGranularity:5]]
LogConfig: Setting CVar [[s.FlushStreamingOnExit:1]]
LogInit: Object subsystem initialized
LogConfig: Setting CVar [[con.DebugEarlyDefault:1]]
LogConfig: Setting CVar [[r.setres:1280x720]]
[2021.09.25-01.54.57:179][  0]LogConfig: Setting CVar [[r.VSync:0]]
[2021.09.25-01.54.57:179][  0]LogConfig: Setting CVar [[r.RHICmdBypass:0]]
[2021.09.25-01.54.57:179][  0]LogConfig: Applying CVar settings from Section [/Script/Engine.RendererSettings] File [G:/_UNREAL.GIT.WORK/Monuments/Saved/Config/Windows/Engine.ini]
[2021.09.25-01.54.57:179][  0]LogConfig: Setting CVar [[r.GPUCrashDebugging:0]]
[2021.09.25-01.54.57:179][  0]LogConfig: Applying CVar settings from Section [/Script/Engine.RendererOverrideSettings] File [G:/_UNREAL.GIT.WORK/Monuments/Saved/Config/Windows/Engine.ini]
[2021.09.25-01.54.57:179][  0]LogConfig: Applying CVar settings from Section [/Script/Engine.StreamingSettings] File [G:/_UNREAL.GIT.WORK/Monuments/Saved/Config/Windows/Engine.ini]
[2021.09.25-01.54.57:179][  0]LogConfig: Setting CVar [[s.MinBulkDataSizeForAsyncLoading:131072]]
[2021.09.25-01.54.57:179][  0]LogConfig: Setting CVar [[s.AsyncLoadingThreadEnabled:0]]
[2021.09.25-01.54.57:179][  0]LogConfig: Setting CVar [[s.EventDrivenLoaderEnabled:1]]
[2021.09.25-01.54.57:179][  0]LogConfig: Setting CVar [[s.WarnIfTimeLimitExceeded:0]]
[2021.09.25-01.54.57:179][  0]LogConfig: Setting CVar [[s.TimeLimitExceededMultiplier:1.5]]
[2021.09.25-01.54.57:179][  0]LogConfig: Setting CVar [[s.TimeLimitExceededMinTime:0.005]]
[2021.09.25-01.54.57:179][  0]LogConfig: Setting CVar [[s.UseBackgroundLevelStreaming:1]]
[2021.09.25-01.54.57:179][  0]LogConfig: Setting CVar [[s.PriorityAsyncLoadingExtraTime:15.0]]
[2021.09.25-01.54.57:179][  0]LogConfig: Setting CVar [[s.LevelStreamingActorsUpdateTimeLimit:5.0]]
[2021.09.25-01.54.57:179][  0]LogConfig: Setting CVar [[s.PriorityLevelStreamingActorsUpdateExtraTime:5.0]]
[2021.09.25-01.54.57:179][  0]LogConfig: Setting CVar [[s.LevelStreamingComponentsRegistrationGranularity:10]]
[2021.09.25-01.54.57:179][  0]LogConfig: Setting CVar [[s.UnregisterComponentsTimeLimit:1.0]]
[2021.09.25-01.54.57:179][  0]LogConfig: Setting CVar [[s.LevelStreamingComponentsUnregistrationGranularity:5]]
[2021.09.25-01.54.57:179][  0]LogConfig: Setting CVar [[s.FlushStreamingOnExit:1]]
[2021.09.25-01.54.57:179][  0]LogConfig: Applying CVar settings from Section [/Script/Engine.GarbageCollectionSettings] File [G:/_UNREAL.GIT.WORK/Monuments/Saved/Config/Windows/Engine.ini]
[2021.09.25-01.54.57:179][  0]LogConfig: Setting CVar [[gc.MaxObjectsNotConsideredByGC:1]]
[2021.09.25-01.54.57:179][  0]LogConfig: Setting CVar [[gc.SizeOfPermanentObjectPool:0]]
[2021.09.25-01.54.57:179][  0]LogConfig: Setting CVar [[gc.FlushStreamingOnGC:0]]
[2021.09.25-01.54.57:179][  0]LogConfig: Setting CVar [[gc.NumRetriesBeforeForcingGC:10]]
[2021.09.25-01.54.57:179][  0]LogConfig: Setting CVar [[gc.AllowParallelGC:1]]
[2021.09.25-01.54.57:179][  0]LogConfig: Setting CVar [[gc.TimeBetweenPurgingPendingKillObjects:61.1]]
[2021.09.25-01.54.57:179][  0]LogConfig: Setting CVar [[gc.MaxObjectsInEditor:25165824]]
[2021.09.25-01.54.57:179][  0]LogConfig: Setting CVar [[gc.IncrementalBeginDestroyEnabled:1]]
[2021.09.25-01.54.57:179][  0]LogConfig: Setting CVar [[gc.CreateGCClusters:1]]
[2021.09.25-01.54.57:179][  0]LogConfig: Setting CVar [[gc.MinGCClusterSize:5]]
[2021.09.25-01.54.57:179][  0]LogConfig: Setting CVar [[gc.ActorClusteringEnabled:0]]
[2021.09.25-01.54.57:179][  0]LogConfig: Setting CVar [[gc.BlueprintClusteringEnabled:0]]
[2021.09.25-01.54.57:180][  0]LogConfig: Setting CVar [[gc.UseDisregardForGCOnDedicatedServers:0]]
[2021.09.25-01.54.57:180][  0]LogConfig: Setting CVar [[gc.MultithreadedDestructionEnabled:1]]
[2021.09.25-01.54.57:180][  0]LogConfig: Applying CVar settings from Section [/Script/Engine.NetworkSettings] File [G:/_UNREAL.GIT.WORK/Monuments/Saved/Config/Windows/Engine.ini]
[2021.09.25-01.54.57:180][  0]LogConfig: Applying CVar settings from Section [/Script/UnrealEd.CookerSettings] File [G:/_UNREAL.GIT.WORK/Monuments/Saved/Config/Windows/Engine.ini]
[2021.09.25-01.54.57:199][  0]LogConfig: Applying CVar settings from Section [ViewDistanceQuality@3] File [G:/_UNREAL.GIT.WORK/Monuments/Saved/Config/Windows/Scalability.ini]
[2021.09.25-01.54.57:199][  0]LogConfig: Setting CVar [[r.SkeletalMeshLODBias:0]]
[2021.09.25-01.54.57:199][  0]LogConfig: Setting CVar [[r.ViewDistanceScale:1.0]]
[2021.09.25-01.54.57:199][  0]LogConfig: Applying CVar settings from Section [AntiAliasingQuality@3] File [G:/_UNREAL.GIT.WORK/Monuments/Saved/Config/Windows/Scalability.ini]
[2021.09.25-01.54.57:199][  0]LogConfig: Setting CVar [[r.PostProcessAAQuality:4]]
[2021.09.25-01.54.57:199][  0]LogConfig: Applying CVar settings from Section [ShadowQuality@3] File [G:/_UNREAL.GIT.WORK/Monuments/Saved/Config/Windows/Scalability.ini]
[2021.09.25-01.54.57:199][  0]LogConfig: Setting CVar [[r.LightFunctionQuality:1]]
[2021.09.25-01.54.57:199][  0]LogConfig: Setting CVar [[r.ShadowQuality:5]]
[2021.09.25-01.54.57:199][  0]LogConfig: Setting CVar [[r.Shadow.CSM.MaxCascades:10]]
[2021.09.25-01.54.57:199][  0]LogConfig: Setting CVar [[r.Shadow.MaxResolution:2048]]
[2021.09.25-01.54.57:199][  0]LogConfig: Setting CVar [[r.Shadow.MaxCSMResolution:2048]]
[2021.09.25-01.54.57:199][  0]LogConfig: Setting CVar [[r.Shadow.RadiusThreshold:0.01]]
[2021.09.25-01.54.57:199][  0]LogConfig: Setting CVar [[r.Shadow.DistanceScale:1.0]]
[2021.09.25-01.54.57:199][  0]LogConfig: Setting CVar [[r.Shadow.CSM.TransitionScale:1.0]]
[2021.09.25-01.54.57:199][  0]LogConfig: Setting CVar [[r.Shadow.PreShadowResolutionFactor:1.0]]
[2021.09.25-01.54.57:199][  0]LogConfig: Setting CVar [[r.DistanceFieldShadowing:1]]
[2021.09.25-01.54.57:199][  0]LogConfig: Setting CVar [[r.DistanceFieldAO:1]]
[2021.09.25-01.54.57:199][  0]LogConfig: Setting CVar [[r.AOQuality:2]]
[2021.09.25-01.54.57:199][  0]LogConfig: Setting CVar [[r.VolumetricFog:1]]
[2021.09.25-01.54.57:199][  0]LogConfig: Setting CVar [[r.VolumetricFog.GridPixelSize:8]]
[2021.09.25-01.54.57:199][  0]LogConfig: Setting CVar [[r.VolumetricFog.GridSizeZ:128]]
[2021.09.25-01.54.57:199][  0]LogConfig: Setting CVar [[r.VolumetricFog.HistoryMissSupersampleCount:4]]
[2021.09.25-01.54.57:199][  0]LogConfig: Setting CVar [[r.LightMaxDrawDistanceScale:1]]
[2021.09.25-01.54.57:199][  0]LogConfig: Setting CVar [[r.CapsuleShadows:1]]
[2021.09.25-01.54.57:199][  0]LogConfig: Applying CVar settings from Section [PostProcessQuality@3] File [G:/_UNREAL.GIT.WORK/Monuments/Saved/Config/Windows/Scalability.ini]
[2021.09.25-01.54.57:199][  0]LogConfig: Setting CVar [[r.MotionBlurQuality:4]]
[2021.09.25-01.54.57:199][  0]LogConfig: Setting CVar [[r.AmbientOcclusionMipLevelFactor:0.4]]
[2021.09.25-01.54.57:199][  0]LogConfig: Setting CVar [[r.AmbientOcclusionMaxQuality:100]]
[2021.09.25-01.54.57:199][  0]LogConfig: Setting CVar [[r.AmbientOcclusionLevels:-1]]
[2021.09.25-01.54.57:199][  0]LogConfig: Setting CVar [[r.AmbientOcclusionRadiusScale:1.0]]
[2021.09.25-01.54.57:199][  0]LogConfig: Setting CVar [[r.DepthOfFieldQuality:2]]
[2021.09.25-01.54.57:199][  0]LogConfig: Setting CVar [[r.RenderTargetPoolMin:400]]
[2021.09.25-01.54.57:199][  0]LogConfig: Setting CVar [[r.LensFlareQuality:2]]
[2021.09.25-01.54.57:199][  0]LogConfig: Setting CVar [[r.SceneColorFringeQuality:1]]
[2021.09.25-01.54.57:199][  0]LogConfig: Setting CVar [[r.EyeAdaptationQuality:2]]
[2021.09.25-01.54.57:199][  0]LogConfig: Setting CVar [[r.BloomQuality:5]]
[2021.09.25-01.54.57:199][  0]LogConfig: Setting CVar [[r.FastBlurThreshold:100]]
[2021.09.25-01.54.57:199][  0]LogConfig: Setting CVar [[r.Upscale.Quality:3]]
[2021.09.25-01.54.57:199][  0]LogConfig: Setting CVar [[r.Tonemapper.GrainQuantization:1]]
[2021.09.25-01.54.57:199][  0]LogConfig: Setting CVar [[r.LightShaftQuality:1]]
[2021.09.25-01.54.57:199][  0]LogConfig: Setting CVar [[r.Filter.SizeScale:1]]
[2021.09.25-01.54.57:199][  0]LogConfig: Setting CVar [[r.Tonemapper.Quality:5]]
[2021.09.25-01.54.57:199][  0]LogConfig: Setting CVar [[r.DOF.Gather.AccumulatorQuality:1        ; higher gathering accumulator quality]]
[2021.09.25-01.54.57:199][  0]LogConfig: Setting CVar [[r.DOF.Gather.PostfilterMethod:1          ; Median3x3 postfilering method]]
[2021.09.25-01.54.57:199][  0]LogConfig: Setting CVar [[r.DOF.Gather.EnableBokehSettings:0       ; no bokeh simulation when gathering]]
[2021.09.25-01.54.57:199][  0]LogConfig: Setting CVar [[r.DOF.Gather.RingCount:4                 ; medium number of samples when gathering]]
[2021.09.25-01.54.57:199][  0]LogConfig: Setting CVar [[r.DOF.Scatter.ForegroundCompositing:1    ; additive foreground scattering]]
[2021.09.25-01.54.57:199][  0]LogConfig: Setting CVar [[r.DOF.Scatter.BackgroundCompositing:2    ; additive background scattering]]
[2021.09.25-01.54.57:199][  0]LogConfig: Setting CVar [[r.DOF.Scatter.EnableBokehSettings:1      ; bokeh simulation when scattering]]
[2021.09.25-01.54.57:199][  0]LogConfig: Setting CVar [[r.DOF.Scatter.MaxSpriteRatio:0.1         ; only a maximum of 10% of scattered bokeh]]
[2021.09.25-01.54.57:199][  0]LogConfig: Setting CVar [[r.DOF.Recombine.Quality:1                ; cheap slight out of focus]]
[2021.09.25-01.54.57:199][  0]LogConfig: Setting CVar [[r.DOF.Recombine.EnableBokehSettings:0    ; no bokeh simulation on slight out of focus]]
[2021.09.25-01.54.57:199][  0]LogConfig: Setting CVar [[r.DOF.TemporalAAQuality:1                ; more stable temporal accumulation]]
[2021.09.25-01.54.57:200][  0]LogConfig: Setting CVar [[r.DOF.Kernel.MaxForegroundRadius:0.025]]
[2021.09.25-01.54.57:200][  0]LogConfig: Setting CVar [[r.DOF.Kernel.MaxBackgroundRadius:0.025]]
[2021.09.25-01.54.57:200][  0]LogConfig: Applying CVar settings from Section [TextureQuality@3] File [G:/_UNREAL.GIT.WORK/Monuments/Saved/Config/Windows/Scalability.ini]
[2021.09.25-01.54.57:200][  0]LogConfig: Setting CVar [[r.Streaming.MipBias:0]]
[2021.09.25-01.54.57:200][  0]LogConfig: Setting CVar [[r.Streaming.AmortizeCPUToGPUCopy:0]]
[2021.09.25-01.54.57:200][  0]LogConfig: Setting CVar [[r.Streaming.MaxNumTexturesToStreamPerFrame:0]]
[2021.09.25-01.54.57:200][  0]LogConfig: Setting CVar [[r.Streaming.Boost:1]]
[2021.09.25-01.54.57:200][  0]LogConfig: Setting CVar [[r.MaxAnisotropy:8]]
[2021.09.25-01.54.57:200][  0]LogConfig: Setting CVar [[r.VT.MaxAnisotropy:8]]
[2021.09.25-01.54.57:200][  0]LogConfig: Setting CVar [[r.Streaming.LimitPoolSizeToVRAM:0]]
[2021.09.25-01.54.57:200][  0]LogConfig: Setting CVar [[r.Streaming.PoolSize:1000]]
[2021.09.25-01.54.57:200][  0]LogConfig: Setting CVar [[r.Streaming.MaxEffectiveScreenSize:0]]
[2021.09.25-01.54.57:200][  0]LogConfig: Applying CVar settings from Section [EffectsQuality@3] File [G:/_UNREAL.GIT.WORK/Monuments/Saved/Config/Windows/Scalability.ini]
[2021.09.25-01.54.57:200][  0]LogConfig: Setting CVar [[r.TranslucencyLightingVolumeDim:64]]
[2021.09.25-01.54.57:200][  0]LogConfig: Setting CVar [[r.RefractionQuality:2]]
[2021.09.25-01.54.57:200][  0]LogConfig: Setting CVar [[r.SSR.Quality:3]]
[2021.09.25-01.54.57:200][  0]LogConfig: Setting CVar [[r.SSR.HalfResSceneColor:0]]
[2021.09.25-01.54.57:200][  0]LogConfig: Setting CVar [[r.SceneColorFormat:4]]
[2021.09.25-01.54.57:200][  0]LogConfig: Setting CVar [[r.DetailMode:2]]
[2021.09.25-01.54.57:200][  0]LogConfig: Setting CVar [[r.TranslucencyVolumeBlur:1]]
[2021.09.25-01.54.57:200][  0]LogConfig: Setting CVar [[r.MaterialQualityLevel:1 ; High quality]]
[2021.09.25-01.54.57:200][  0]LogConfig: Setting CVar [[r.AnisotropicMaterials:1]]
[2021.09.25-01.54.57:200][  0]LogConfig: Setting CVar [[r.SSS.Scale:1]]
[2021.09.25-01.54.57:200][  0]LogConfig: Setting CVar [[r.SSS.SampleSet:2]]
[2021.09.25-01.54.57:200][  0]LogConfig: Setting CVar [[r.SSS.Quality:1]]
[2021.09.25-01.54.57:200][  0]LogConfig: Setting CVar [[r.SSS.HalfRes:0]]
[2021.09.25-01.54.57:200][  0]LogConfig: Setting CVar [[r.SSGI.Quality:3]]
[2021.09.25-01.54.57:200][  0]LogConfig: Setting CVar [[r.EmitterSpawnRateScale:1.0]]
[2021.09.25-01.54.57:200][  0]LogConfig: Setting CVar [[r.ParticleLightQuality:2]]
[2021.09.25-01.54.57:200][  0]LogConfig: Setting CVar [[r.SkyAtmosphere.AerialPerspectiveLUT.FastApplyOnOpaque:1 ; Always have FastSkyLUT 1 in this case to avoid wrong sky]]
[2021.09.25-01.54.57:200][  0]LogConfig: Setting CVar [[r.SkyAtmosphere.AerialPerspectiveLUT.SampleCountMaxPerSlice:4]]
[2021.09.25-01.54.57:200][  0]LogConfig: Setting CVar [[r.SkyAtmosphere.AerialPerspectiveLUT.DepthResolution:16.0]]
[2021.09.25-01.54.57:200][  0]LogConfig: Setting CVar [[r.SkyAtmosphere.FastSkyLUT:1]]
[2021.09.25-01.54.57:200][  0]LogConfig: Setting CVar [[r.SkyAtmosphere.FastSkyLUT.SampleCountMin:4.0]]
[2021.09.25-01.54.57:200][  0]LogConfig: Setting CVar [[r.SkyAtmosphere.FastSkyLUT.SampleCountMax:128.0]]
[2021.09.25-01.54.57:200][  0]LogConfig: Setting CVar [[r.SkyAtmosphere.SampleCountMin:4.0]]
[2021.09.25-01.54.57:200][  0]LogConfig: Setting CVar [[r.SkyAtmosphere.SampleCountMax:128.0]]
[2021.09.25-01.54.57:200][  0]LogConfig: Setting CVar [[r.SkyAtmosphere.TransmittanceLUT.UseSmallFormat:0]]
[2021.09.25-01.54.57:200][  0]LogConfig: Setting CVar [[r.SkyAtmosphere.TransmittanceLUT.SampleCount:10.0]]
[2021.09.25-01.54.57:200][  0]LogConfig: Setting CVar [[r.SkyAtmosphere.MultiScatteringLUT.SampleCount:15.0]]
[2021.09.25-01.54.57:200][  0]LogConfig: Setting CVar [[r.SkyLight.RealTimeReflectionCapture:1]]
[2021.09.25-01.54.57:200][  0]LogConfig: Applying CVar settings from Section [FoliageQuality@3] File [G:/_UNREAL.GIT.WORK/Monuments/Saved/Config/Windows/Scalability.ini]
[2021.09.25-01.54.57:200][  0]LogConfig: Setting CVar [[foliage.DensityScale:1.0]]
[2021.09.25-01.54.57:200][  0]LogConfig: Setting CVar [[grass.DensityScale:1.0]]
[2021.09.25-01.54.57:200][  0]LogConfig: Applying CVar settings from Section [ShadingQuality@3] File [G:/_UNREAL.GIT.WORK/Monuments/Saved/Config/Windows/Scalability.ini]
[2021.09.25-01.54.57:200][  0]LogConfig: Setting CVar [[r.HairStrands.SkyLighting.IntegrationType:2]]
[2021.09.25-01.54.57:200][  0]LogConfig: Setting CVar [[r.HairStrands.SkyAO.SampleCount:4]]
[2021.09.25-01.54.57:200][  0]LogConfig: Setting CVar [[r.HairStrands.Visibility.MSAA.SamplePerPixel:4]]
[2021.09.25-01.54.57:200][  0]LogInit: Selected Device Profile: [Windows]
[2021.09.25-01.54.57:200][  0]LogInit: Applying CVar settings loaded from the selected device profile: [Windows]
[2021.09.25-01.54.57:200][  0]LogHAL: Display: Platform has ~ 32 GB [34306592768 / 34359738368 / 32], which maps to Largest [LargestMinGB=32, LargerMinGB=12, DefaultMinGB=8, SmallerMinGB=6, SmallestMinGB=0)
[2021.09.25-01.54.57:200][  0]LogInit: Going up to parent DeviceProfile []
[2021.09.25-01.54.57:200][  0]LogConfig: Applying CVar settings from Section [ViewDistanceQuality@3] File [G:/_UNREAL.GIT.WORK/Monuments/Saved/Config/Windows/Scalability.ini]
[2021.09.25-01.54.57:200][  0]LogConfig: Setting CVar [[r.SkeletalMeshLODBias:0]]
[2021.09.25-01.54.57:200][  0]LogConfig: Setting CVar [[r.ViewDistanceScale:1.0]]
[2021.09.25-01.54.57:200][  0]LogConfig: Applying CVar settings from Section [AntiAliasingQuality@3] File [G:/_UNREAL.GIT.WORK/Monuments/Saved/Config/Windows/Scalability.ini]
[2021.09.25-01.54.57:200][  0]LogConfig: Setting CVar [[r.PostProcessAAQuality:4]]
[2021.09.25-01.54.57:200][  0]LogConfig: Applying CVar settings from Section [ShadowQuality@3] File [G:/_UNREAL.GIT.WORK/Monuments/Saved/Config/Windows/Scalability.ini]
[2021.09.25-01.54.57:200][  0]LogConfig: Setting CVar [[r.LightFunctionQuality:1]]
[2021.09.25-01.54.57:200][  0]LogConfig: Setting CVar [[r.ShadowQuality:5]]
[2021.09.25-01.54.57:200][  0]LogConfig: Setting CVar [[r.Shadow.CSM.MaxCascades:10]]
[2021.09.25-01.54.57:200][  0]LogConfig: Setting CVar [[r.Shadow.MaxResolution:2048]]
[2021.09.25-01.54.57:200][  0]LogConfig: Setting CVar [[r.Shadow.MaxCSMResolution:2048]]
[2021.09.25-01.54.57:200][  0]LogConfig: Setting CVar [[r.Shadow.RadiusThreshold:0.01]]
[2021.09.25-01.54.57:200][  0]LogConfig: Setting CVar [[r.Shadow.DistanceScale:1.0]]
[2021.09.25-01.54.57:200][  0]LogConfig: Setting CVar [[r.Shadow.CSM.TransitionScale:1.0]]
[2021.09.25-01.54.57:200][  0]LogConfig: Setting CVar [[r.Shadow.PreShadowResolutionFactor:1.0]]
[2021.09.25-01.54.57:200][  0]LogConfig: Setting CVar [[r.DistanceFieldShadowing:1]]
[2021.09.25-01.54.57:200][  0]LogConfig: Setting CVar [[r.DistanceFieldAO:1]]
[2021.09.25-01.54.57:200][  0]LogConfig: Setting CVar [[r.AOQuality:2]]
[2021.09.25-01.54.57:200][  0]LogConfig: Setting CVar [[r.VolumetricFog:1]]
[2021.09.25-01.54.57:200][  0]LogConfig: Setting CVar [[r.VolumetricFog.GridPixelSize:8]]
[2021.09.25-01.54.57:200][  0]LogConfig: Setting CVar [[r.VolumetricFog.GridSizeZ:128]]
[2021.09.25-01.54.57:200][  0]LogConfig: Setting CVar [[r.VolumetricFog.HistoryMissSupersampleCount:4]]
[2021.09.25-01.54.57:200][  0]LogConfig: Setting CVar [[r.LightMaxDrawDistanceScale:1]]
[2021.09.25-01.54.57:200][  0]LogConfig: Setting CVar [[r.CapsuleShadows:1]]
[2021.09.25-01.54.57:200][  0]LogConfig: Applying CVar settings from Section [PostProcessQuality@3] File [G:/_UNREAL.GIT.WORK/Monuments/Saved/Config/Windows/Scalability.ini]
[2021.09.25-01.54.57:200][  0]LogConfig: Setting CVar [[r.MotionBlurQuality:4]]
[2021.09.25-01.54.57:200][  0]LogConfig: Setting CVar [[r.AmbientOcclusionMipLevelFactor:0.4]]
[2021.09.25-01.54.57:200][  0]LogConfig: Setting CVar [[r.AmbientOcclusionMaxQuality:100]]
[2021.09.25-01.54.57:200][  0]LogConfig: Setting CVar [[r.AmbientOcclusionLevels:-1]]
[2021.09.25-01.54.57:200][  0]LogConfig: Setting CVar [[r.AmbientOcclusionRadiusScale:1.0]]
[2021.09.25-01.54.57:200][  0]LogConfig: Setting CVar [[r.DepthOfFieldQuality:2]]
[2021.09.25-01.54.57:200][  0]LogConfig: Setting CVar [[r.RenderTargetPoolMin:400]]
[2021.09.25-01.54.57:200][  0]LogConfig: Setting CVar [[r.LensFlareQuality:2]]
[2021.09.25-01.54.57:200][  0]LogConfig: Setting CVar [[r.SceneColorFringeQuality:1]]
[2021.09.25-01.54.57:200][  0]LogConfig: Setting CVar [[r.EyeAdaptationQuality:2]]
[2021.09.25-01.54.57:200][  0]LogConfig: Setting CVar [[r.BloomQuality:5]]
[2021.09.25-01.54.57:200][  0]LogConfig: Setting CVar [[r.FastBlurThreshold:100]]
[2021.09.25-01.54.57:200][  0]LogConfig: Setting CVar [[r.Upscale.Quality:3]]
[2021.09.25-01.54.57:200][  0]LogConfig: Setting CVar [[r.Tonemapper.GrainQuantization:1]]
[2021.09.25-01.54.57:200][  0]LogConfig: Setting CVar [[r.LightShaftQuality:1]]
[2021.09.25-01.54.57:201][  0]LogConfig: Setting CVar [[r.Filter.SizeScale:1]]
[2021.09.25-01.54.57:201][  0]LogConfig: Setting CVar [[r.Tonemapper.Quality:5]]
[2021.09.25-01.54.57:201][  0]LogConfig: Setting CVar [[r.DOF.Gather.AccumulatorQuality:1        ; higher gathering accumulator quality]]
[2021.09.25-01.54.57:201][  0]LogConfig: Setting CVar [[r.DOF.Gather.PostfilterMethod:1          ; Median3x3 postfilering method]]
[2021.09.25-01.54.57:201][  0]LogConfig: Setting CVar [[r.DOF.Gather.EnableBokehSettings:0       ; no bokeh simulation when gathering]]
[2021.09.25-01.54.57:201][  0]LogConfig: Setting CVar [[r.DOF.Gather.RingCount:4                 ; medium number of samples when gathering]]
[2021.09.25-01.54.57:201][  0]LogConfig: Setting CVar [[r.DOF.Scatter.ForegroundCompositing:1    ; additive foreground scattering]]
[2021.09.25-01.54.57:201][  0]LogConfig: Setting CVar [[r.DOF.Scatter.BackgroundCompositing:2    ; additive background scattering]]
[2021.09.25-01.54.57:201][  0]LogConfig: Setting CVar [[r.DOF.Scatter.EnableBokehSettings:1      ; bokeh simulation when scattering]]
[2021.09.25-01.54.57:201][  0]LogConfig: Setting CVar [[r.DOF.Scatter.MaxSpriteRatio:0.1         ; only a maximum of 10% of scattered bokeh]]
[2021.09.25-01.54.57:201][  0]LogConfig: Setting CVar [[r.DOF.Recombine.Quality:1                ; cheap slight out of focus]]
[2021.09.25-01.54.57:201][  0]LogConfig: Setting CVar [[r.DOF.Recombine.EnableBokehSettings:0    ; no bokeh simulation on slight out of focus]]
[2021.09.25-01.54.57:201][  0]LogConfig: Setting CVar [[r.DOF.TemporalAAQuality:1                ; more stable temporal accumulation]]
[2021.09.25-01.54.57:201][  0]LogConfig: Setting CVar [[r.DOF.Kernel.MaxForegroundRadius:0.025]]
[2021.09.25-01.54.57:201][  0]LogConfig: Setting CVar [[r.DOF.Kernel.MaxBackgroundRadius:0.025]]
[2021.09.25-01.54.57:201][  0]LogConfig: Applying CVar settings from Section [TextureQuality@3] File [G:/_UNREAL.GIT.WORK/Monuments/Saved/Config/Windows/Scalability.ini]
[2021.09.25-01.54.57:201][  0]LogConfig: Setting CVar [[r.Streaming.MipBias:0]]
[2021.09.25-01.54.57:201][  0]LogConfig: Setting CVar [[r.Streaming.AmortizeCPUToGPUCopy:0]]
[2021.09.25-01.54.57:201][  0]LogConfig: Setting CVar [[r.Streaming.MaxNumTexturesToStreamPerFrame:0]]
[2021.09.25-01.54.57:201][  0]LogConfig: Setting CVar [[r.Streaming.Boost:1]]
[2021.09.25-01.54.57:201][  0]LogConfig: Setting CVar [[r.MaxAnisotropy:8]]
[2021.09.25-01.54.57:201][  0]LogConfig: Setting CVar [[r.VT.MaxAnisotropy:8]]
[2021.09.25-01.54.57:201][  0]LogConfig: Setting CVar [[r.Streaming.LimitPoolSizeToVRAM:0]]
[2021.09.25-01.54.57:201][  0]LogConfig: Setting CVar [[r.Streaming.PoolSize:1000]]
[2021.09.25-01.54.57:201][  0]LogConfig: Setting CVar [[r.Streaming.MaxEffectiveScreenSize:0]]
[2021.09.25-01.54.57:201][  0]LogConfig: Applying CVar settings from Section [EffectsQuality@3] File [G:/_UNREAL.GIT.WORK/Monuments/Saved/Config/Windows/Scalability.ini]
[2021.09.25-01.54.57:201][  0]LogConfig: Setting CVar [[r.TranslucencyLightingVolumeDim:64]]
[2021.09.25-01.54.57:201][  0]LogConfig: Setting CVar [[r.RefractionQuality:2]]
[2021.09.25-01.54.57:201][  0]LogConfig: Setting CVar [[r.SSR.Quality:3]]
[2021.09.25-01.54.57:201][  0]LogConfig: Setting CVar [[r.SSR.HalfResSceneColor:0]]
[2021.09.25-01.54.57:201][  0]LogConfig: Setting CVar [[r.SceneColorFormat:4]]
[2021.09.25-01.54.57:201][  0]LogConfig: Setting CVar [[r.DetailMode:2]]
[2021.09.25-01.54.57:201][  0]LogConfig: Setting CVar [[r.TranslucencyVolumeBlur:1]]
[2021.09.25-01.54.57:201][  0]LogConfig: Setting CVar [[r.MaterialQualityLevel:1 ; High quality]]
[2021.09.25-01.54.57:201][  0]LogConfig: Setting CVar [[r.AnisotropicMaterials:1]]
[2021.09.25-01.54.57:201][  0]LogConfig: Setting CVar [[r.SSS.Scale:1]]
[2021.09.25-01.54.57:201][  0]LogConfig: Setting CVar [[r.SSS.SampleSet:2]]
[2021.09.25-01.54.57:201][  0]LogConfig: Setting CVar [[r.SSS.Quality:1]]
[2021.09.25-01.54.57:201][  0]LogConfig: Setting CVar [[r.SSS.HalfRes:0]]
[2021.09.25-01.54.57:201][  0]LogConfig: Setting CVar [[r.SSGI.Quality:3]]
[2021.09.25-01.54.57:201][  0]LogConfig: Setting CVar [[r.EmitterSpawnRateScale:1.0]]
[2021.09.25-01.54.57:201][  0]LogConfig: Setting CVar [[r.ParticleLightQuality:2]]
[2021.09.25-01.54.57:201][  0]LogConfig: Setting CVar [[r.SkyAtmosphere.AerialPerspectiveLUT.FastApplyOnOpaque:1 ; Always have FastSkyLUT 1 in this case to avoid wrong sky]]
[2021.09.25-01.54.57:201][  0]LogConfig: Setting CVar [[r.SkyAtmosphere.AerialPerspectiveLUT.SampleCountMaxPerSlice:4]]
[2021.09.25-01.54.57:201][  0]LogConfig: Setting CVar [[r.SkyAtmosphere.AerialPerspectiveLUT.DepthResolution:16.0]]
[2021.09.25-01.54.57:201][  0]LogConfig: Setting CVar [[r.SkyAtmosphere.FastSkyLUT:1]]
[2021.09.25-01.54.57:201][  0]LogConfig: Setting CVar [[r.SkyAtmosphere.FastSkyLUT.SampleCountMin:4.0]]
[2021.09.25-01.54.57:201][  0]LogConfig: Setting CVar [[r.SkyAtmosphere.FastSkyLUT.SampleCountMax:128.0]]
[2021.09.25-01.54.57:201][  0]LogConfig: Setting CVar [[r.SkyAtmosphere.SampleCountMin:4.0]]
[2021.09.25-01.54.57:201][  0]LogConfig: Setting CVar [[r.SkyAtmosphere.SampleCountMax:128.0]]
[2021.09.25-01.54.57:201][  0]LogConfig: Setting CVar [[r.SkyAtmosphere.TransmittanceLUT.UseSmallFormat:0]]
[2021.09.25-01.54.57:201][  0]LogConfig: Setting CVar [[r.SkyAtmosphere.TransmittanceLUT.SampleCount:10.0]]
[2021.09.25-01.54.57:201][  0]LogConfig: Setting CVar [[r.SkyAtmosphere.MultiScatteringLUT.SampleCount:15.0]]
[2021.09.25-01.54.57:201][  0]LogConfig: Setting CVar [[r.SkyLight.RealTimeReflectionCapture:1]]
[2021.09.25-01.54.57:201][  0]LogConfig: Applying CVar settings from Section [FoliageQuality@3] File [G:/_UNREAL.GIT.WORK/Monuments/Saved/Config/Windows/Scalability.ini]
[2021.09.25-01.54.57:201][  0]LogConfig: Setting CVar [[foliage.DensityScale:1.0]]
[2021.09.25-01.54.57:201][  0]LogConfig: Setting CVar [[grass.DensityScale:1.0]]
[2021.09.25-01.54.57:201][  0]LogConfig: Applying CVar settings from Section [ShadingQuality@3] File [G:/_UNREAL.GIT.WORK/Monuments/Saved/Config/Windows/Scalability.ini]
[2021.09.25-01.54.57:201][  0]LogConfig: Setting CVar [[r.HairStrands.SkyLighting.IntegrationType:2]]
[2021.09.25-01.54.57:201][  0]LogConfig: Setting CVar [[r.HairStrands.SkyAO.SampleCount:4]]
[2021.09.25-01.54.57:201][  0]LogConfig: Setting CVar [[r.HairStrands.Visibility.MSAA.SamplePerPixel:4]]
[2021.09.25-01.54.57:201][  0]LogConfig: Applying CVar settings from Section [Startup] File [../../../Engine/Config/ConsoleVariables.ini]
[2021.09.25-01.54.57:201][  0]LogConfig: Setting CVar [[net.UseAdaptiveNetUpdateFrequency:0]]
[2021.09.25-01.54.57:201][  0]LogConfig: Setting CVar [[p.chaos.AllowCreatePhysxBodies:1]]
[2021.09.25-01.54.57:201][  0]LogConfig: Setting CVar [[fx.SkipVectorVMBackendOptimizations:1]]
[2021.09.25-01.54.57:201][  0]LogConfig: Applying CVar settings from Section [ConsoleVariables] File [G:/_UNREAL.GIT.WORK/Monuments/Saved/Config/Windows/Engine.ini]
[2021.09.25-01.54.57:201][  0]LogConfig: Applying CVar settings from Section [ConsoleVariables] File [G:/_UNREAL.GIT.WORK/Monuments/Saved/Config/Windows/Editor.ini]
[2021.09.25-01.54.57:201][  0]LogInit: Computer: STORMHOLD
[2021.09.25-01.54.57:201][  0]LogInit: User: StormTruppen
[2021.09.25-01.54.57:201][  0]LogInit: CPU Page size=4096, Cores=6
[2021.09.25-01.54.57:201][  0]LogInit: High frequency timer resolution =10.000000 MHz
[2021.09.25-01.54.57:201][  0]LogMemory: Memory total: Physical=32.0GB (32GB approx)
[2021.09.25-01.54.57:201][  0]LogMemory: Platform Memory Stats for Windows
[2021.09.25-01.54.57:201][  0]LogMemory: Process Physical Memory: 147.41 MB used, 147.41 MB peak
[2021.09.25-01.54.57:201][  0]LogMemory: Process Virtual Memory: 123.03 MB used, 123.03 MB peak
[2021.09.25-01.54.57:201][  0]LogMemory: Physical Memory: 11783.49 MB used,  20933.83 MB free, 32717.32 MB total
[2021.09.25-01.54.57:201][  0]LogMemory: Virtual Memory: 134199000.00 MB used,  18731.44 MB free, 134217728.00 MB total
[2021.09.25-01.54.57:205][  0]LogWindows: WindowsPlatformFeatures enabled
[2021.09.25-01.54.57:231][  0]LogInit: Physics initialised using underlying interface: PhysX
[2021.09.25-01.54.57:232][  0]LogInit: Using OS detected language (en-US).
[2021.09.25-01.54.57:232][  0]LogInit: Using OS detected locale (en-IN).
[2021.09.25-01.54.57:233][  0]LogTextLocalizationManager: No specific localization for 'en-US' exists, so the 'en' localization will be used.
[2021.09.25-01.54.57:405][  0]LogInit: Setting process to per monitor DPI aware
[2021.09.25-01.54.57:415][  0]LogWindowsTextInputMethodSystem: Display: IME system deactivated.
[2021.09.25-01.54.57:428][  0]LogSlate: New Slate User Created.  User Index 0, Is Virtual User: 0
[2021.09.25-01.54.57:428][  0]LogSlate: Slate User Registered.  User Index 0, Is Virtual User: 0
[2021.09.25-01.54.57:527][  0]LogD3D11RHI: Loaded GFSDK_Aftermath_Lib.x64.dll
[2021.09.25-01.54.57:529][  0]LogHMD: Failed to initialize OpenVR with code 110
[2021.09.25-01.54.57:530][  0]LogD3D11RHI: D3D11 min allowed feature level: 11_0
[2021.09.25-01.54.57:530][  0]LogD3D11RHI: D3D11 max allowed feature level: 11_0
[2021.09.25-01.54.57:530][  0]LogD3D11RHI: D3D11 adapters:
[2021.09.25-01.54.57:645][  0]LogD3D11RHI:    0. 'NVIDIA GeForce RTX 2060' (Feature Level 11_0)
[2021.09.25-01.54.57:645][  0]LogD3D11RHI:       5980/0/16358 MB DedicatedVideo/DedicatedSystem/SharedSystem, Outputs:2, VendorId:0x10de
[2021.09.25-01.54.57:647][  0]LogD3D11RHI:    1. 'Microsoft Basic Render Driver' (Feature Level 11_0)
[2021.09.25-01.54.57:647][  0]LogD3D11RHI:       0/0/16358 MB DedicatedVideo/DedicatedSystem/SharedSystem, Outputs:0, VendorId:0x1414
[2021.09.25-01.54.57:647][  0]LogD3D11RHI: Chosen D3D11 Adapter: 0
[2021.09.25-01.54.57:653][  0]LogD3D11RHI: Creating new Direct3DDevice
[2021.09.25-01.54.57:653][  0]LogD3D11RHI:     GPU DeviceId: 0x1f08 (for the marketing name, search the web for "GPU Device Id")
[2021.09.25-01.54.57:653][  0]LogWindows: EnumDisplayDevices:
[2021.09.25-01.54.57:653][  0]LogWindows:    0. 'NVIDIA GeForce RTX 2060' (P:1 D:1)
[2021.09.25-01.54.57:654][  0]LogWindows:    1. 'NVIDIA GeForce RTX 2060' (P:0 D:1)
[2021.09.25-01.54.57:654][  0]LogWindows:    2. 'NVIDIA GeForce RTX 2060' (P:0 D:0)
[2021.09.25-01.54.57:654][  0]LogWindows:    3. 'NVIDIA GeForce RTX 2060' (P:0 D:0)
[2021.09.25-01.54.57:654][  0]LogWindows: DebugString: FoundDriverCount:4 
[2021.09.25-01.54.57:654][  0]LogD3D11RHI:     Adapter Name: NVIDIA GeForce RTX 2060
[2021.09.25-01.54.57:654][  0]LogD3D11RHI:   Driver Version: 472.12 (internal:30.0.14.7212, unified:472.12)
[2021.09.25-01.54.57:654][  0]LogD3D11RHI:      Driver Date: 9-13-2021
[2021.09.25-01.54.57:654][  0]LogRHI: Texture pool is 4186 MB (70% of 5980 MB)
[2021.09.25-01.54.57:730][  0]LogD3D11RHI: RHI has support for 64 bit atomics
[2021.09.25-01.54.57:730][  0]LogD3D11RHI: Async texture creation enabled
[2021.09.25-01.54.57:730][  0]LogD3D11RHI: Array index from any shader is supported
[2021.09.25-01.54.57:759][  0]LogD3D11RHI: GPU Timing Frequency: 1000.000000 (Debug: 2 1)
[2021.09.25-01.54.57:771][  0]LogRHI: GeForceNow SDK initialized: 1
[2021.09.25-01.54.57:977][  0]LogTargetPlatformManager: Display: Loaded TargetPlatform 'AllDesktop'
[2021.09.25-01.54.57:994][  0]LogTargetPlatformManager: Display: Loaded TargetPlatform 'Android'
[2021.09.25-01.54.57:994][  0]LogTargetPlatformManager: Display: Loaded TargetPlatform 'Android_ASTC'
[2021.09.25-01.54.57:994][  0]LogTargetPlatformManager: Display: Loaded TargetPlatform 'Android_DXT'
[2021.09.25-01.54.57:994][  0]LogTargetPlatformManager: Display: Loaded TargetPlatform 'Android_ETC2'
[2021.09.25-01.54.57:994][  0]LogTargetPlatformManager: Display: Loaded TargetPlatform 'AndroidClient'
[2021.09.25-01.54.57:994][  0]LogTargetPlatformManager: Display: Loaded TargetPlatform 'Android_ASTCClient'
[2021.09.25-01.54.57:994][  0]LogTargetPlatformManager: Display: Loaded TargetPlatform 'Android_DXTClient'
[2021.09.25-01.54.57:994][  0]LogTargetPlatformManager: Display: Loaded TargetPlatform 'Android_ETC2Client'
[2021.09.25-01.54.57:994][  0]LogTargetPlatformManager: Display: Loaded TargetPlatform 'Android_Multi'
[2021.09.25-01.54.57:994][  0]LogTargetPlatformManager: Display: Loaded TargetPlatform 'Android_MultiClient'
[2021.09.25-01.54.58:007][  0]LogTargetPlatformManager: Display: Loaded TargetPlatform 'IOSClient'
[2021.09.25-01.54.58:007][  0]LogTargetPlatformManager: Display: Loaded TargetPlatform 'IOS'
[2021.09.25-01.54.58:014][  0]LogTargetPlatformManager: Display: Loaded TargetPlatform 'Linux'
[2021.09.25-01.54.58:017][  0]LogTargetPlatformManager: Display: Loaded TargetPlatform 'LinuxNoEditor'
[2021.09.25-01.54.58:020][  0]LogTargetPlatformManager: Display: Loaded TargetPlatform 'LinuxClient'
[2021.09.25-01.54.58:023][  0]LogTargetPlatformManager: Display: Loaded TargetPlatform 'LinuxServer'
[2021.09.25-01.54.58:029][  0]LogTargetPlatformManager: Display: Loaded TargetPlatform 'LinuxAArch64NoEditor'
[2021.09.25-01.54.58:032][  0]LogTargetPlatformManager: Display: Loaded TargetPlatform 'LinuxAArch64Client'
[2021.09.25-01.54.58:035][  0]LogTargetPlatformManager: Display: Loaded TargetPlatform 'LinuxAArch64Server'
[2021.09.25-01.54.58:052][  0]LogTargetPlatformManager: Display: Loaded TargetPlatform 'Lumin'
[2021.09.25-01.54.58:052][  0]LogTargetPlatformManager: Display: Loaded TargetPlatform 'LuminClient'
[2021.09.25-01.54.58:058][  0]LogTargetPlatformManager: Display: Loaded TargetPlatform 'MacNoEditor'
[2021.09.25-01.54.58:061][  0]LogTargetPlatformManager: Display: Loaded TargetPlatform 'Mac'
[2021.09.25-01.54.58:064][  0]LogTargetPlatformManager: Display: Loaded TargetPlatform 'MacClient'
[2021.09.25-01.54.58:067][  0]LogTargetPlatformManager: Display: Loaded TargetPlatform 'MacServer'
[2021.09.25-01.54.58:074][  0]LogTargetPlatformManager: Display: Loaded TargetPlatform 'TVOSClient'
[2021.09.25-01.54.58:074][  0]LogTargetPlatformManager: Display: Loaded TargetPlatform 'TVOS'
[2021.09.25-01.54.58:080][  0]LogTargetPlatformManager: Display: Loaded TargetPlatform 'WindowsNoEditor'
[2021.09.25-01.54.58:083][  0]LogTargetPlatformManager: Display: Loaded TargetPlatform 'Windows'
[2021.09.25-01.54.58:086][  0]LogTargetPlatformManager: Display: Loaded TargetPlatform 'WindowsClient'
[2021.09.25-01.54.58:089][  0]LogTargetPlatformManager: Display: Loaded TargetPlatform 'WindowsServer'
[2021.09.25-01.54.58:089][  0]LogTargetPlatformManager: Display: Building Assets For Windows
[2021.09.25-01.54.58:093][  0]LogAudioDebug: Display: Lib vorbis DLL was dynamically loaded.
[2021.09.25-01.54.58:111][  0]LogTextureFormatOodle: Display: Oodle Texture 2.9.0 init RDO Off
[2021.09.25-01.54.58:130][  0]LogRendererCore: Ray tracing is disabled. Reason: r.RayTracing=0.
[2021.09.25-01.54.58:130][  0]LogShaderCompilers: Guid format shader working directory is 24 characters bigger than the processId version (G:/_UNREAL.GIT.WORK/Monuments/Intermediate/Shaders/WorkingDirectory/9440/).
[2021.09.25-01.54.58:131][  0]LogShaderCompilers: Cleaned the shader compiler working directory 'C:/Users/StormTruppen/AppData/Local/Temp/UnrealShaderWorkingDir/AA4D4E5C4C989DE0F97EC6B3626743D4/'.
[2021.09.25-01.54.58:131][  0]LogShaderCompilers: Display: Using XGE Controller for Shader Compilation.
[2021.09.25-01.54.58:730][  0]LogDerivedDataCache: Display: Max Cache Size: 512 MB
[2021.09.25-01.54.58:767][  0]LogDerivedDataCache: Loaded boot cache 0.04s 95MB C:/Users/StormTruppen/AppData/Local/UnrealEngine/4.27/DerivedDataCache/Boot.ddc.
[2021.09.25-01.54.58:767][  0]LogDerivedDataCache: Display: Loaded Boot cache: C:/Users/StormTruppen/AppData/Local/UnrealEngine/4.27/DerivedDataCache/Boot.ddc
[2021.09.25-01.54.58:767][  0]LogDerivedDataCache: FDerivedDataBackendGraph:  Pak pak cache file G:/_UNREAL.GIT.WORK/Monuments/DerivedDataCache/DDC.ddp not found, will not use a pak cache.
[2021.09.25-01.54.58:767][  0]LogDerivedDataCache: Unable to find inner node Pak for hierarchical cache Hierarchy.
[2021.09.25-01.54.58:767][  0]LogDerivedDataCache: FDerivedDataBackendGraph:  CompressedPak pak cache file G:/_UNREAL.GIT.WORK/Monuments/DerivedDataCache/Compressed.ddp not found, will not use a pak cache.
[2021.09.25-01.54.58:767][  0]LogDerivedDataCache: Unable to find inner node CompressedPak for hierarchical cache Hierarchy.
[2021.09.25-01.54.58:783][  0]LogDerivedDataCache: Display: Pak cache opened for reading ../../../Engine/DerivedDataCache/Compressed.ddp.
[2021.09.25-01.54.58:783][  0]LogDerivedDataCache: FDerivedDataBackendGraph:  EnterprisePak pak cache file ../../../Enterprise/DerivedDataCache/Compressed.ddp not found, will not use a pak cache.
[2021.09.25-01.54.58:783][  0]LogDerivedDataCache: Unable to find inner node EnterprisePak for hierarchical cache Hierarchy.
[2021.09.25-01.54.58:789][  0]LogDerivedDataCache: Speed tests for C:/Users/StormTruppen/AppData/Local/UnrealEngine/Common/DerivedDataCache took 0.01 seconds
[2021.09.25-01.54.58:789][  0]LogDerivedDataCache: Display: Performance to C:/Users/StormTruppen/AppData/Local/UnrealEngine/Common/DerivedDataCache: Latency=0.02ms. RandomReadSpeed=1628.17MBs, RandomWriteSpeed=186.64MBs. Assigned SpeedClass 'Local'
[2021.09.25-01.54.58:790][  0]LogDerivedDataCache: Using Local data cache path C:/Users/StormTruppen/AppData/Local/UnrealEngine/Common/DerivedDataCache: Writable
[2021.09.25-01.54.58:790][  0]LogDerivedDataCache: Shared data cache path not found in *engine.ini, will not use an Shared cache.
[2021.09.25-01.54.58:790][  0]LogDerivedDataCache: Unable to find inner node Shared for hierarchical cache Hierarchy.
[2021.09.25-01.54.58:829][  0]LogSlate: Using FreeType 2.10.0
[2021.09.25-01.54.58:829][  0]LogSlate: SlateFontServices - WITH_FREETYPE: 1, WITH_HARFBUZZ: 1
[2021.09.25-01.54.58:846][  0]LogAssetRegistry: FAssetRegistry took 0.0022 seconds to start up
[2021.09.25-01.54.59:030][  0]LogInit: Selected Device Profile: [Windows]
[2021.09.25-01.54.59:030][  0]LogInit: Active device profile: [00000191D0889300][00000191CEC54E00 49] Windows
[2021.09.25-01.54.59:030][  0]LogInit: Profiles: [00000191D0889300][00000191CEC54E00 49] Windows, [00000191D0876500][00000191CEC5CF80 49] WindowsNoEditor, [00000191D088A400][00000191D031D100 49] WindowsServer, [00000191D0877400][00000191D0321280 49] WindowsClient, [00000191D088B300][00000191D0325400 49] IOS, [00000191D0875200][00000191D0329580 49] iPadAir, [00000191D088BE00][00000191D032D700 49] iPadAir2, [00000191D081A100][00000191D03359C0 49] IPadPro, [00000191D081A200][00000191D0331A00 49] iPadAir3, [00000191D0877800][00000191D0339B80 49] iPadAir4, [00000191D081B100][00000191D033C180 49] iPadMini2, [00000191D0876800][00000191D0340300 49] iPadMini3, [00000191D081BD00][00000191D0344480 49] iPadMini4, [00000191D0875900][00000191CEC585C0 49] iPadMini5, [00000191D0869A00][00000191D034C800 49] iPhone6, [00000191D0869B00][00000191D0348840 49] iPodTouch6, [00000191D088AF00][00000191D0358AC0 49] iPhone7, [00000191D088B000][00000191D0350B00 49] iPodTouch7, [00000191D0819C00][00000191D035CC80 49] iPhone5S, [00000191D0889100][00000191D0360E00 49] iPhone6Plus, [00000191D0819800][00000191D0364F80 49] iPhone6S, [00000191D0888400][00000191D0369100 49] iPhone6SPlus, [00000191D0818E00][00000191D036D280 49] iPhone7Plus, [00000191D0889700][00000191D1479400 49] iPhoneSE, [00000191D0818A00][00000191D147D580 49] iPhone8, [00000191D0888800][00000191D1481700 49] iPhone8Plus, [00000191D0819A00][00000191D1485880 49] iPhoneX, [00000191D088BD00][00000191D1489A00 49] iPhoneXS, [00000191D0868200][00000191D148DB80 49] iPhoneXSMax, [00000191D0818D00][00000191D1490180 49] iPhoneXR, [00000191D0868C00][00000191D1494300 49] iPhone11, [00000191D081AE00][00000191D1498480 49] iPhone11Pro, [00000191D0869500][00000191D149C600 49] iPhone11ProMax, [00000191D081BA00][00000191D0354740 49] iPhoneSE2, [00000191D0868400][00000191D14A0880 49] iPhone12Mini, [00000191D0819200][00000191D14A49C0 49] iPhone12, [00000191D086BC00][00000191D14A8B00 49] iPhone12Pro, [00000191D081A000][00000191D14B0C80 49] iPhone12ProMax, [00000191D086AC00][00000191D14B4E00 49] iPadPro105, [00000191D088A100][00000191D14B8F80 49] iPadPro129, [00000191D0869100][00000191D14BD100 49] iPadPro97, [00000191D0889000][00000191D14C1280 49] iPadPro2_129, [00000191D0868D00][00000191D14C5400 49] iPad5, [00000191D0889D00][00000191D14C9580 49] iPad6, [00000191D0868600][00000191D14CD700 49] iPad7, [00000191D088AE00][00000191D14D1880 49] iPad8, [00000191D086B000][00000191D14D5A00 49] iPadPro11, [00000191D0889B00][00000191D14D9B80 49] iPadPro2_11, [00000191D0868A00][00000191D14DC180 49] iPadPro3_129, [00000191D0888500][00000191D14E0300 49] iPadPro4_129, [00000191D086AD00][00000191D14E4480 49] AppleTV, [00000191D0888700][00000191D14E8600 49] AppleTV4K, [00000191D086A600][00000191D14EC780 49] TVOS, [00000191D088B100][00000191D14F0900 49] Mac, [00000191D086B600][00000191D14ACA40 49] MacClient, [00000191D088B900][00000191D14F4B80 49] MacNoEditor, [00000191D086BF00][00000191D14F8CC0 49] MacServer, [00000191D0888E00][00000191D1500E40 49] Linux, [00000191D0869C00][00000191D1504FC0 49] LinuxAArch64, [00000191D088B700][00000191D1509140 49] LinuxNoEditor, [00000191D086A400][00000191D150D2C0 49] LinuxAArch64NoEditor, [00000191D0888F00][00000191D1511440 49] LinuxClient, [00000191D0869300][00000191D15155C0 49] LinuxAArch64Client, [00000191D088B500][00000191D1519740 49] LinuxServer, [00000191D0869200][00000191D151D8C0 49] LinuxAArch64Server, [00000191D088A500][00000191D1521A40 49] Android, [00000191D0869900][00000191D1525BC0 49] Android_Low, [00000191D0888D00][00000191D15281C0 49] Android_Mid, [00000191D086AE00][00000191D152C340 49] Android_High, [00000191D088A000][00000191D15304C0 49] Android_Default, [00000191D086A800][00000191D1534640 49] Android_Adreno4xx, [00000191D088BC00][00000191D15387C0 49] Android_Adreno5xx_Low, [00000191D086AF00][00000191D153C940 49] Android_Adreno5xx, [00000191D088BF00][00000191D1540AC0 49] Android_Adreno6xx, [00000191D086B200][00000191D14FCC00 49] Android_Adreno6xx_Vulkan, [00000191D088A700][00000191D1544D40 49] Android_Mali_T6xx, [00000191D0868E00][00000191D1548E80 49] Android_Mali_T7xx, [00000191D088A200][00000191D154CFC0 49] Android_Mali_T8xx, [00000191D0869600][00000191D1555140 49] Android_Mali_G71, [00000191D0888C00][00000191D15592C0 49] Android_Mali_G72, [00000191D0869F00][00000191D155D440 49] Android_Mali_G72_Vulkan, [00000191D088B400][00000191D15615C0 49] Android_Mali_G76, [00000191D086B700][00000191D1565740 49] Android_Mali_G76_Vulkan, [00000191D0888A00][00000191D15698C0 49] Android_Mali_G77, [00000191D0868900][00000191D156DA40 49] Android_Mali_G77_Vulkan, [00000191D088AD00][00000191D1571BC0 49] Android_Mali_G78, [00000191D086BD00][00000191D15741C0 49] Android_Mali_G78_Vulkan, [00000191D0875C00][00000191D1578340 49] Android_Mali_G710, [00000191D081AF00][00000191D157C4C0 49] Android_Mali_G710_Vulkan, [00000191D0877100][00000191D1580640 49] Android_Vulkan_SM5, [00000191D081AA00][00000191D15847C0 49] Android_PowerVR_G6xxx, [00000191D0874400][00000191D1588940 49] Android_PowerVR_GT7xxx, [00000191D081A700][00000191D158CAC0 49] Android_PowerVR_GE8xxx, [00000191D0874600][00000191D1590C40 49] Android_PowerVR_GM9xxx, [00000191D081A800][00000191D1550D80 49] Android_PowerVR_GM9xxx_Vulkan, [00000191D0877C00][00000191D1594EC0 49] Android_TegraK1, [00000191D081B400][00000191D1599000 49] Android_Unknown_Vulkan, [00000191D0874700][00000191D159D140 49] Lumin, [00000191D081AD00][00000191D15A52C0 49] Lumin_Desktop, [00000191D0875500][00000191D15A9440 49] HoloLens, 
[2021.09.25-01.54.59:638][  0]LogMeshReduction: Using QuadricMeshReduction for automatic static mesh reduction
[2021.09.25-01.54.59:639][  0]LogMeshReduction: Using SimplygonMeshReduction for automatic skeletal mesh reduction
[2021.09.25-01.54.59:639][  0]LogMeshReduction: Using ProxyLODMeshReduction for automatic mesh merging
[2021.09.25-01.54.59:639][  0]LogMeshReduction: No distributed automatic mesh merging module available
[2021.09.25-01.54.59:639][  0]LogMeshMerging: No distributed automatic mesh merging module available
[2021.09.25-01.54.59:652][  0]LogNetVersion: Monuments 1.0.0, NetCL: 17155196, EngineNetVer: 17, GameNetVer: 0 (Checksum: 3093767277)
[2021.09.25-01.54.59:938][  0]LogTexture: Default maximum texture size for cubemaps generated from long-lat sources has been changed from 512 to unlimited. In order to preserve old behaiour for '/Engine/MapTemplates/Sky/DaylightAmbientCubemap.DaylightAmbientCubemap', its maximum texture size has been explicitly set to 512.
[2021.09.25-01.54.59:980][  0]LogHMD: PokeAHoleMaterial loaded successfully
[2021.09.25-01.54.59:985][  0]LogUObjectArray: 17178 objects as part of root set at end of initial load.
[2021.09.25-01.54.59:985][  0]LogUObjectAllocator: 4301856 out of 0 bytes used by permanent object pool.
[2021.09.25-01.54.59:985][  0]LogUObjectArray: CloseDisregardForGC: 0/0 objects in disregard for GC pool
[2021.09.25-01.55.00:396][  0]LogNiagaraDebuggerClient: Niagara Debugger Client Initialized | Session: EC9A2FC94286E8C147AB9DA833772E37 | Instance: 139F9F8340A955A781594A853D46C9B3 (STORMHOLD-9440).
[2021.09.25-01.55.00:410][  0]LogStreaming: Warning: Failed to read file '../../../Engine/Content/Editor/Slate/Niagara/MenuSeparator.png' error.
[2021.09.25-01.55.00:410][  0]LogSlate: Could not find file for Slate resource: ../../../Engine/Content/Editor/Slate/Niagara/MenuSeparator.png
[2021.09.25-01.55.00:430][  0]LogStreaming: Warning: Failed to read file '../../../Engine/Content/Editor/Slate/Niagara/Common/Selector.png' error.
[2021.09.25-01.55.00:431][  0]LogSlate: Could not find file for Slate resource: ../../../Engine/Content/Editor/Slate/Niagara/Common/Selector.png
[2021.09.25-01.55.00:431][  0]LogStreaming: Warning: Failed to read file '../../../Engine/Content/Editor/Slate/Niagara/Common/DropZoneIndicator_Above.png' error.
[2021.09.25-01.55.00:431][  0]LogSlate: Could not find file for Slate resource: ../../../Engine/Content/Editor/Slate/Niagara/Common/DropZoneIndicator_Above.png
[2021.09.25-01.55.00:431][  0]LogStreaming: Warning: Failed to read file '../../../Engine/Content/Editor/Slate/Niagara/Common/Selection.png' error.
[2021.09.25-01.55.00:431][  0]LogSlate: Could not find file for Slate resource: ../../../Engine/Content/Editor/Slate/Niagara/Common/Selection.png
[2021.09.25-01.55.00:431][  0]LogStreaming: Warning: Failed to read file '../../../Engine/Content/Editor/Slate/Niagara/Common/DropZoneIndicator_Onto.png' error.
[2021.09.25-01.55.00:431][  0]LogSlate: Could not find file for Slate resource: ../../../Engine/Content/Editor/Slate/Niagara/Common/DropZoneIndicator_Onto.png
[2021.09.25-01.55.00:431][  0]LogStreaming: Warning: Failed to read file '../../../Engine/Content/Editor/Slate/Niagara/Common/DropZoneIndicator_Below.png' error.
[2021.09.25-01.55.00:431][  0]LogSlate: Could not find file for Slate resource: ../../../Engine/Content/Editor/Slate/Niagara/Common/DropZoneIndicator_Below.png
[2021.09.25-01.55.00:431][  0]LogStreaming: Warning: Failed to read file '../../../Engine/Content/Editor/Slate/Niagara/Common/RoundedSelection_16x.png' error.
[2021.09.25-01.55.00:431][  0]LogSlate: Could not find file for Slate resource: ../../../Engine/Content/Editor/Slate/Niagara/Common/RoundedSelection_16x.png
[2021.09.25-01.55.00:431][  0]LogStreaming: Warning: Failed to read file '../../../Engine/Content/Editor/Slate/Niagara/Common/FlatButton.png' error.
[2021.09.25-01.55.00:431][  0]LogSlate: Could not find file for Slate resource: ../../../Engine/Content/Editor/Slate/Niagara/Common/FlatButton.png
[2021.09.25-01.55.00:431][  0]LogImageWrapper: Warning: PNG Warning: Duplicate iCCP chunk
[2021.09.25-01.55.00:431][  0]LogImageWrapper: Warning: PNG Warning: Duplicate iCCP chunk
[2021.09.25-01.55.00:431][  0]LogTcpMessaging: Initializing TcpMessaging bridge
[2021.09.25-01.55.01:546][  0]LogUdpMessaging: Initializing bridge on interface 0.0.0.0:0 to multicast group 230.0.0.1:6666.
[2021.09.25-01.55.01:589][  0]LogPython: Using Python 3.7.7
[2021.09.25-01.55.02:421][  0]SourceControl: Source control is disabled
[2021.09.25-01.55.02:421][  0]SourceControl: Source control is disabled
[2021.09.25-01.55.02:424][  0]SourceControl: Source control is disabled
[2021.09.25-01.55.02:425][  0]SourceControl: Source control is disabled
[2021.09.25-01.55.02:429][  0]SourceControl: Source control is disabled
[2021.09.25-01.55.02:436][  0]LogUProjectInfo: Found projects:
[2021.09.25-01.55.02:458][  0]LogAndroidPermission: UAndroidPermissionCallbackProxy::GetInstance
[2021.09.25-01.55.02:477][  0]LogAudioCaptureCore: Display: No Audio Capture implementations found. Audio input will be silent.
[2021.09.25-01.55.02:477][  0]LogAudioCaptureCore: Display: No Audio Capture implementations found. Audio input will be silent.
[2021.09.25-01.55.02:733][  0]LogOpenImageDenoise: OIDN starting up
[2021.09.25-01.55.02:751][  0]LogOcInput: OculusInput pre-init called
[2021.09.25-01.55.02:879][  0]LogStreaming: Warning: Failed to read file '../../../Engine/Content/Editor/Slate/Niagara/MenuSeparator.png' error.
[2021.09.25-01.55.02:879][  0]LogSlate: Could not find file for Slate resource: ../../../Engine/Content/Editor/Slate/Niagara/MenuSeparator.png
[2021.09.25-01.55.02:879][  0]LogStreaming: Warning: Failed to read file '../../../Engine/Content/Editor/Slate/Niagara/Common/Selector.png' error.
[2021.09.25-01.55.02:879][  0]LogSlate: Could not find file for Slate resource: ../../../Engine/Content/Editor/Slate/Niagara/Common/Selector.png
[2021.09.25-01.55.02:879][  0]LogStreaming: Warning: Failed to read file '../../../Engine/Content/Editor/Slate/Niagara/Common/Selection.png' error.
[2021.09.25-01.55.02:879][  0]LogSlate: Could not find file for Slate resource: ../../../Engine/Content/Editor/Slate/Niagara/Common/Selection.png
[2021.09.25-01.55.02:880][  0]LogStreaming: Warning: Failed to read file '../../../Engine/Content/Editor/Slate/Niagara/Common/DropZoneIndicator_Above.png' error.
[2021.09.25-01.55.02:880][  0]LogSlate: Could not find file for Slate resource: ../../../Engine/Content/Editor/Slate/Niagara/Common/DropZoneIndicator_Above.png
[2021.09.25-01.55.02:880][  0]LogStreaming: Warning: Failed to read file '../../../Engine/Content/Editor/Slate/Niagara/Common/DropZoneIndicator_Onto.png' error.
[2021.09.25-01.55.02:880][  0]LogSlate: Could not find file for Slate resource: ../../../Engine/Content/Editor/Slate/Niagara/Common/DropZoneIndicator_Onto.png
[2021.09.25-01.55.02:880][  0]LogStreaming: Warning: Failed to read file '../../../Engine/Content/Editor/Slate/Niagara/Common/DropZoneIndicator_Below.png' error.
[2021.09.25-01.55.02:880][  0]LogSlate: Could not find file for Slate resource: ../../../Engine/Content/Editor/Slate/Niagara/Common/DropZoneIndicator_Below.png
[2021.09.25-01.55.02:880][  0]LogStreaming: Warning: Failed to read file '../../../Engine/Content/Editor/Slate/Niagara/Common/RoundedSelection_16x.png' error.
[2021.09.25-01.55.02:880][  0]LogSlate: Could not find file for Slate resource: ../../../Engine/Content/Editor/Slate/Niagara/Common/RoundedSelection_16x.png
[2021.09.25-01.55.02:880][  0]LogStreaming: Warning: Failed to read file '../../../Engine/Content/Editor/Slate/Niagara/Common/FlatButton.png' error.
[2021.09.25-01.55.02:880][  0]LogSlate: Could not find file for Slate resource: ../../../Engine/Content/Editor/Slate/Niagara/Common/FlatButton.png
[2021.09.25-01.55.02:880][  0]LogImageWrapper: Warning: PNG Warning: Duplicate iCCP chunk
[2021.09.25-01.55.02:880][  0]LogImageWrapper: Warning: PNG Warning: Duplicate iCCP chunk
[2021.09.25-01.55.02:880][  0]LogCollectionManager: Loaded 0 collections in 0.000641 seconds
[2021.09.25-01.55.03:037][  0]LogFileCache: Scanning file cache for directory 'G:/_UNREAL.GIT.WORK/Monuments/Saved/Collections/' took 0.00s
[2021.09.25-01.55.03:037][  0]LogFileCache: Scanning file cache for directory 'G:/_UNREAL.GIT.WORK/Monuments/Content/Developers/StormTruppen/Collections/' took 0.00s
[2021.09.25-01.55.03:037][  0]LogFileCache: Scanning file cache for directory 'G:/_UNREAL.GIT.WORK/Monuments/Content/Collections/' took 0.00s
[2021.09.25-01.55.03:037][  0]LogEngine: Initializing Engine...
[2021.09.25-01.55.03:048][  0]LogHMD: Optional extension XR_VARJO_quad_views is not available
[2021.09.25-01.55.03:048][  0]LogHMD: Warning: Required extension XR_EXT_eye_gaze_interaction is not available
[2021.09.25-01.55.03:048][  0]LogHMD: Could not enable all required OpenXR extensions for OpenXREyeTracker on current system. This plugin will be loaded but ignored, but will be enabled on a target platform that supports the required extension.
[2021.09.25-01.55.03:551][  0]LogHMD: Failed to get an OpenXR system, result is XR_ERROR_FORM_FACTOR_UNAVAILABLE. Please check that your runtime supports VR headsets.
[2021.09.25-01.55.03:551][  0]LogHMD: Failed to initialize OpenVR with code 110
[2021.09.25-01.55.03:551][  0]LogMagicLeap: Warning: VR disabled because ZI is not enabled.  To enable, in the editor, Edit -> Project Settings -> Plugins -> Magic Leap Plugin -> Enable Zero Iteration
[2021.09.25-01.55.03:552][  0]LogStats: UGameplayTagsManager::InitializeManager -  0.000 s
[2021.09.25-01.55.03:636][  0]LogInit: Initializing FReadOnlyCVARCache
[2021.09.25-01.55.03:642][  0]LogAIModule: Creating AISystem for world Untitled
[2021.09.25-01.55.03:648][  0]LogAudio: Display: Initializing Audio Device Manager...
[2021.09.25-01.55.03:651][  0]LogAudio: Display: Loading Default Audio Settings Objects...
[2021.09.25-01.55.03:651][  0]LogAudio: Display: No default SoundConcurrencyObject specified (or failed to load).
[2021.09.25-01.55.03:651][  0]LogAudio: Display: Audio Device Manager Initialized
[2021.09.25-01.55.03:652][  0]LogAudio: Display: Creating Audio Device:                 Id: 1, Scope: Shared, Realtime: True
[2021.09.25-01.55.03:652][  0]LogAudioMixer: Display: Audio Mixer Platform Settings:
[2021.09.25-01.55.03:652][  0]LogAudioMixer: Display: 	Sample Rate:						  48000
[2021.09.25-01.55.03:652][  0]LogAudioMixer: Display: 	Callback Buffer Frame Size Requested: 1024
[2021.09.25-01.55.03:652][  0]LogAudioMixer: Display: 	Callback Buffer Frame Size To Use:	  1024
[2021.09.25-01.55.03:652][  0]LogAudioMixer: Display: 	Number of buffers to queue:			  2
[2021.09.25-01.55.03:652][  0]LogAudioMixer: Display: 	Max Channels (voices):				  32
[2021.09.25-01.55.03:652][  0]LogAudioMixer: Display: 	Number of Async Source Workers:		  0
[2021.09.25-01.55.03:652][  0]LogAudio: Display: AudioDevice MaxSources: 32
[2021.09.25-01.55.03:652][  0]LogAudio: Display: Audio Spatialization Plugin: None (built-in).
[2021.09.25-01.55.03:652][  0]LogAudio: Display: Audio Reverb Plugin: None (built-in).
[2021.09.25-01.55.03:652][  0]LogAudio: Display: Audio Occlusion Plugin: None (built-in).
[2021.09.25-01.55.03:652][  0]LogAudioMixer: Display: Initializing audio mixer.
[2021.09.25-01.55.03:660][  0]LogAudioMixer: Display: 0: FrontLeft
[2021.09.25-01.55.03:660][  0]LogAudioMixer: Display: 1: FrontRight
[2021.09.25-01.55.03:693][  0]LogAudioMixer: Display: Using Audio Device Speakers (Realtek(R) Audio)
[2021.09.25-01.55.03:695][  0]LogAudioMixer: Display: Initializing Sound Submixes...
[2021.09.25-01.55.03:696][  0]LogAudioMixer: Display: Creating Master Submix 'MasterSubmixDefault'
[2021.09.25-01.55.03:696][  0]LogAudioMixer: Display: Creating Master Submix 'MasterReverbSubmixDefault'
[2021.09.25-01.55.03:697][  0]LogAudioMixer: Display: Creating Master Submix 'MasterEQSubmixDefault'
[2021.09.25-01.55.03:697][  0]LogAudioMixer: FMixerPlatformXAudio2::StartAudioStream() called
[2021.09.25-01.55.03:697][  0]LogAudioMixer: Display: Output buffers initialized: Frames=1024, Channels=2, Samples=2048
[2021.09.25-01.55.03:698][  0]LogAudioMixer: Display: Starting AudioMixerPlatformInterface::RunInternal()
[2021.09.25-01.55.03:698][  0]LogAudioMixer: Display: FMixerPlatformXAudio2::SubmitBuffer() called for the first time
[2021.09.25-01.55.03:698][  0]LogInit: FAudioDevice initialized.
[2021.09.25-01.55.03:731][  0]LogAudio: Display: Audio Device (ID: 1) registered with world 'Untitled'.
[2021.09.25-01.55.03:731][  0]LogNetVersion: Set ProjectVersion to 1.0.0.0. Version Checksum will be recalculated on next use.
[2021.09.25-01.55.03:813][  0]LogDerivedDataCache: Saved boot cache 0.08s 95MB C:/Users/StormTruppen/AppData/Local/UnrealEngine/4.27/DerivedDataCache/Boot.ddc.
[2021.09.25-01.55.03:814][  0]LogInit: Texture streaming: Enabled
[2021.09.25-01.55.03:822][  0]LogAnalytics: Display: [UEEditor.Rocket.Release] APIServer = https://datarouter.ol.epicgames.com/. AppVersion = 4.27.0-17155196+++UE4+Release-4.27
[2021.09.25-01.55.03:824][  0]LogEngineSessionManager: EngineSessionManager initialized
[2021.09.25-01.55.03:824][  0]LogEditorSessionSummary: Verbose: Initializing EditorSessionSummaryWriter for editor session tracking
[2021.09.25-01.55.03:825][  0]LogEditorSessionSummary: EditorSessionSummaryWriter initialized
[2021.09.25-01.55.03:839][  0]LogInit: Transaction tracking system initialized
[2021.09.25-01.55.03:852][  0]BlueprintLog: New page: Editor Load
[2021.09.25-01.55.04:391][  0]LocalizationService: Localization service is disabled
[2021.09.25-01.55.04:470][  0]TimingProfiler: Initialize
[2021.09.25-01.55.04:471][  0]TimingProfiler: OnSessionChanged
[2021.09.25-01.55.04:471][  0]LoadingProfiler: Initialize
[2021.09.25-01.55.04:471][  0]LoadingProfiler: OnSessionChanged
[2021.09.25-01.55.04:471][  0]NetworkingProfiler: Initialize
[2021.09.25-01.55.04:471][  0]NetworkingProfiler: OnSessionChanged
[2021.09.25-01.55.04:471][  0]MemoryProfiler: Initialize
[2021.09.25-01.55.04:471][  0]MemoryProfiler: OnSessionChanged
[2021.09.25-01.55.08:315][  0]LogCook: Display: CookSettings for Memory: MemoryMaxUsedVirtual 0MiB, MemoryMaxUsedPhysical 16384MiB, MemoryMinFreeVirtual 0MiB, MemoryMinFreePhysical 1024MiB
[2021.09.25-01.55.08:315][  0]LogCook: Display: Mobile HDR setting 1
[2021.09.25-01.55.08:434][  0]LogFileCache: Scanning file cache for directory 'G:/_UNREAL.GIT.WORK/Monuments/Content/' took 0.00s
[2021.09.25-01.55.08:607][  0]LogStreaming: Warning: Failed to read file '../../../Engine/Content/Editor/Slate/Niagara/MenuSeparator.png' error.
[2021.09.25-01.55.08:607][  0]LogSlate: Could not find file for Slate resource: ../../../Engine/Content/Editor/Slate/Niagara/MenuSeparator.png
[2021.09.25-01.55.08:607][  0]LogStreaming: Warning: Failed to read file '../../../Engine/Content/Editor/Slate/Niagara/Common/Selector.png' error.
[2021.09.25-01.55.08:607][  0]LogSlate: Could not find file for Slate resource: ../../../Engine/Content/Editor/Slate/Niagara/Common/Selector.png
[2021.09.25-01.55.08:607][  0]LogStreaming: Warning: Failed to read file '../../../Engine/Content/Editor/Slate/Niagara/Common/Selection.png' error.
[2021.09.25-01.55.08:607][  0]LogSlate: Could not find file for Slate resource: ../../../Engine/Content/Editor/Slate/Niagara/Common/Selection.png
[2021.09.25-01.55.08:607][  0]LogStreaming: Warning: Failed to read file '../../../Engine/Content/Editor/Slate/Niagara/Common/DropZoneIndicator_Above.png' error.
[2021.09.25-01.55.08:607][  0]LogSlate: Could not find file for Slate resource: ../../../Engine/Content/Editor/Slate/Niagara/Common/DropZoneIndicator_Above.png
[2021.09.25-01.55.08:607][  0]LogStreaming: Warning: Failed to read file '../../../Engine/Content/Editor/Slate/Niagara/Common/DropZoneIndicator_Onto.png' error.
[2021.09.25-01.55.08:607][  0]LogSlate: Could not find file for Slate resource: ../../../Engine/Content/Editor/Slate/Niagara/Common/DropZoneIndicator_Onto.png
[2021.09.25-01.55.08:607][  0]LogStreaming: Warning: Failed to read file '../../../Engine/Content/Editor/Slate/Niagara/Common/DropZoneIndicator_Below.png' error.
[2021.09.25-01.55.08:607][  0]LogSlate: Could not find file for Slate resource: ../../../Engine/Content/Editor/Slate/Niagara/Common/DropZoneIndicator_Below.png
[2021.09.25-01.55.08:608][  0]LogStreaming: Warning: Failed to read file '../../../Engine/Content/Editor/Slate/Niagara/Common/RoundedSelection_16x.png' error.
[2021.09.25-01.55.08:608][  0]LogSlate: Could not find file for Slate resource: ../../../Engine/Content/Editor/Slate/Niagara/Common/RoundedSelection_16x.png
[2021.09.25-01.55.08:608][  0]LogStreaming: Warning: Failed to read file '../../../Engine/Content/Editor/Slate/Niagara/Common/FlatButton.png' error.
[2021.09.25-01.55.08:608][  0]LogSlate: Could not find file for Slate resource: ../../../Engine/Content/Editor/Slate/Niagara/Common/FlatButton.png
[2021.09.25-01.55.08:608][  0]LogImageWrapper: Warning: PNG Warning: Duplicate iCCP chunk
[2021.09.25-01.55.08:608][  0]LogImageWrapper: Warning: PNG Warning: Duplicate iCCP chunk
[2021.09.25-01.55.08:608][  0]LogInit: Display: Engine is initialized. Leaving FEngineLoop::Init()
[2021.09.25-01.55.08:702][  0]SourceControl: Source control is disabled
[2021.09.25-01.55.08:702][  0]LogUnrealEdMisc: Loading editor; pre map load, took 12.788
[2021.09.25-01.55.08:702][  0]Cmd: MAP LOAD FILE="G:/_UNREAL.GIT.WORK/Monuments/Content/TopDownBP/Maps/TopDownExampleMap.umap" TEMPLATE=0 SHOWPROGRESS=1 FEATURELEVEL=3
[2021.09.25-01.55.08:702][  0]LightingResults: New page: Lighting Build
[2021.09.25-01.55.08:703][  0]LogWorld: UWorld::CleanupWorld for Untitled, bSessionEnded=true, bCleanupResources=true
[2021.09.25-01.55.08:703][  0]LogSlate: InvalidateAllWidgets triggered.  All widgets were invalidated
[2021.09.25-01.55.08:703][  0]MapCheck: New page: Map Check
[2021.09.25-01.55.08:703][  0]LightingResults: New page: Lighting Build
[2021.09.25-01.55.09:812][  0]LogAudio: Display: Audio Device unregistered from world 'None'.
[2021.09.25-01.55.09:815][  0]LogUObjectHash: Compacting FUObjectHashTables data took   0.81ms
[2021.09.25-01.55.11:087][  0]LogTexture: Display: Building textures: DeprecatedTextureFA79271141B0C16E0AB806B8FE9AB1E1 (BGRA8, 128X128)
[2021.09.25-01.55.11:431][  0]LogAudio: Display: Audio Device (ID: 1) registered with world 'TopDownExampleMap'.
[2021.09.25-01.55.11:431][  0]LogAIModule: Creating AISystem for world TopDownExampleMap
[2021.09.25-01.55.11:770][  0]LogEditorServer: Finished looking for orphan Actors (0.000 secs)
[2021.09.25-01.55.12:023][  0]LogNavigationDataBuild: Display:    Building NavData:  Name Default class /Script/NavigationSystem.RecastNavMesh agent radius 35.0.
[2021.09.25-01.55.12:964][  0]LogUObjectHash: Compacting FUObjectHashTables data took   0.83ms
[2021.09.25-01.55.12:965][  0]Cmd: MAP CHECKDEP NOCLEARLOG
[2021.09.25-01.55.12:965][  0]MapCheck: Map check complete: 0 Error(s), 0 Warning(s), took 0.083ms to complete.
[2021.09.25-01.55.12:965][  0]LogFileHelpers: Loading map 'TopDownExampleMap' took 4.264
[2021.09.25-01.55.12:966][  0]LogUnrealEdMisc: Total Editor Startup Time, took 17.053
[2021.09.25-01.55.13:183][  0]LogSlate: Updating window title bar state: overlay mode, drag disabled, window buttons hidden, title bar hidden
[2021.09.25-01.55.13:188][  0]LogSlate: Updating window title bar state: overlay mode, drag disabled, window buttons hidden, title bar hidden
[2021.09.25-01.55.13:192][  0]LogSlate: Updating window title bar state: overlay mode, drag disabled, window buttons hidden, title bar hidden
[2021.09.25-01.55.13:196][  0]LogSlate: Updating window title bar state: overlay mode, drag disabled, window buttons hidden, title bar hidden
[2021.09.25-01.55.13:201][  0]LogPakFile: PakFile PrimaryIndexSize=187
[2021.09.25-01.55.13:201][  0]LogPakFile: PakFile PathHashIndexSize=101
[2021.09.25-01.55.13:201][  0]LogPakFile: PakFile FullDirectoryIndexSize=148
[2021.09.25-01.55.13:201][  0]LogShaderLibrary: Display: ShaderCodeLibraryPakFileMountedCallback: PakFile 'H:/EpicGames/UE_4.27/FeaturePacks/FP_FirstPerson.upack' (chunk index -1, root 'root:/') mounted
[2021.09.25-01.55.13:201][  0]LogShaderLibrary: Display: ShaderCodeLibraryPakFileMountedCallback: pending pak file info (ChunkID:-1 Root:root:/ File:H:/EpicGames/UE_4.27/FeaturePacks/FP_FirstPerson.upack)
[2021.09.25-01.55.13:201][  0]LogPakFile: OnPakFileMounted2Time == 0.000043
[2021.09.25-01.55.13:202][  0]LogPakFile: PakFile PrimaryIndexSize=189
[2021.09.25-01.55.13:202][  0]LogPakFile: PakFile PathHashIndexSize=101
[2021.09.25-01.55.13:202][  0]LogPakFile: PakFile FullDirectoryIndexSize=152
[2021.09.25-01.55.13:202][  0]LogShaderLibrary: Display: ShaderCodeLibraryPakFileMountedCallback: PakFile 'H:/EpicGames/UE_4.27/FeaturePacks/FP_FirstPersonBP.upack' (chunk index -1, root 'root:/') mounted
[2021.09.25-01.55.13:202][  0]LogShaderLibrary: Display: ShaderCodeLibraryPakFileMountedCallback: pending pak file info (ChunkID:-1 Root:root:/ File:H:/EpicGames/UE_4.27/FeaturePacks/FP_FirstPersonBP.upack)
[2021.09.25-01.55.13:202][  0]LogPakFile: OnPakFileMounted2Time == 0.000029
[2021.09.25-01.55.13:202][  0]LogPakFile: PakFile PrimaryIndexSize=191
[2021.09.25-01.55.13:202][  0]LogPakFile: PakFile PathHashIndexSize=101
[2021.09.25-01.55.13:202][  0]LogPakFile: PakFile FullDirectoryIndexSize=160
[2021.09.25-01.55.13:202][  0]LogShaderLibrary: Display: ShaderCodeLibraryPakFileMountedCallback: PakFile 'H:/EpicGames/UE_4.27/FeaturePacks/MobileStarterContent.upack' (chunk index -1, root 'root:/') mounted
[2021.09.25-01.55.13:202][  0]LogShaderLibrary: Display: ShaderCodeLibraryPakFileMountedCallback: pending pak file info (ChunkID:-1 Root:root:/ File:H:/EpicGames/UE_4.27/FeaturePacks/MobileStarterContent.upack)
[2021.09.25-01.55.13:202][  0]LogPakFile: OnPakFileMounted2Time == 0.000027
[2021.09.25-01.55.13:202][  0]LogPakFile: PakFile PrimaryIndexSize=185
[2021.09.25-01.55.13:202][  0]LogPakFile: PakFile PathHashIndexSize=101
[2021.09.25-01.55.13:202][  0]LogPakFile: PakFile FullDirectoryIndexSize=148
[2021.09.25-01.55.13:202][  0]LogShaderLibrary: Display: ShaderCodeLibraryPakFileMountedCallback: PakFile 'H:/EpicGames/UE_4.27/FeaturePacks/StarterContent.upack' (chunk index -1, root 'root:/') mounted
[2021.09.25-01.55.13:202][  0]LogShaderLibrary: Display: ShaderCodeLibraryPakFileMountedCallback: pending pak file info (ChunkID:-1 Root:root:/ File:H:/EpicGames/UE_4.27/FeaturePacks/StarterContent.upack)
[2021.09.25-01.55.13:202][  0]LogPakFile: OnPakFileMounted2Time == 0.000028
[2021.09.25-01.55.13:203][  0]LogPakFile: PakFile PrimaryIndexSize=190
[2021.09.25-01.55.13:203][  0]LogPakFile: PakFile PathHashIndexSize=101
[2021.09.25-01.55.13:203][  0]LogPakFile: PakFile FullDirectoryIndexSize=154
[2021.09.25-01.55.13:203][  0]LogShaderLibrary: Display: ShaderCodeLibraryPakFileMountedCallback: PakFile 'H:/EpicGames/UE_4.27/FeaturePacks/TP_2DSideScroller.upack' (chunk index -1, root 'root:/') mounted
[2021.09.25-01.55.13:203][  0]LogShaderLibrary: Display: ShaderCodeLibraryPakFileMountedCallback: pending pak file info (ChunkID:-1 Root:root:/ File:H:/EpicGames/UE_4.27/FeaturePacks/TP_2DSideScroller.upack)
[2021.09.25-01.55.13:203][  0]LogPakFile: OnPakFileMounted2Time == 0.000027
[2021.09.25-01.55.13:203][  0]LogPakFile: PakFile PrimaryIndexSize=192
[2021.09.25-01.55.13:203][  0]LogPakFile: PakFile PathHashIndexSize=101
[2021.09.25-01.55.13:203][  0]LogPakFile: PakFile FullDirectoryIndexSize=158
[2021.09.25-01.55.13:203][  0]LogShaderLibrary: Display: ShaderCodeLibraryPakFileMountedCallback: PakFile 'H:/EpicGames/UE_4.27/FeaturePacks/TP_2DSideScrollerBP.upack' (chunk index -1, root 'root:/') mounted
[2021.09.25-01.55.13:203][  0]LogShaderLibrary: Display: ShaderCodeLibraryPakFileMountedCallback: pending pak file info (ChunkID:-1 Root:root:/ File:H:/EpicGames/UE_4.27/FeaturePacks/TP_2DSideScrollerBP.upack)
[2021.09.25-01.55.13:203][  0]LogPakFile: OnPakFileMounted2Time == 0.000027
[2021.09.25-01.55.13:204][  0]LogPakFile: PakFile PrimaryIndexSize=182
[2021.09.25-01.55.13:204][  0]LogPakFile: PakFile PathHashIndexSize=101
[2021.09.25-01.55.13:204][  0]LogPakFile: PakFile FullDirectoryIndexSize=138
[2021.09.25-01.55.13:204][  0]LogShaderLibrary: Display: ShaderCodeLibraryPakFileMountedCallback: PakFile 'H:/EpicGames/UE_4.27/FeaturePacks/TP_Flying.upack' (chunk index -1, root 'root:/') mounted
[2021.09.25-01.55.13:204][  0]LogShaderLibrary: Display: ShaderCodeLibraryPakFileMountedCallback: pending pak file info (ChunkID:-1 Root:root:/ File:H:/EpicGames/UE_4.27/FeaturePacks/TP_Flying.upack)
[2021.09.25-01.55.13:204][  0]LogPakFile: OnPakFileMounted2Time == 0.000029
[2021.09.25-01.55.13:204][  0]LogPakFile: PakFile PrimaryIndexSize=184
[2021.09.25-01.55.13:204][  0]LogPakFile: PakFile PathHashIndexSize=101
[2021.09.25-01.55.13:204][  0]LogPakFile: PakFile FullDirectoryIndexSize=142
[2021.09.25-01.55.13:204][  0]LogShaderLibrary: Display: ShaderCodeLibraryPakFileMountedCallback: PakFile 'H:/EpicGames/UE_4.27/FeaturePacks/TP_FlyingBP.upack' (chunk index -1, root 'root:/') mounted
[2021.09.25-01.55.13:204][  0]LogShaderLibrary: Display: ShaderCodeLibraryPakFileMountedCallback: pending pak file info (ChunkID:-1 Root:root:/ File:H:/EpicGames/UE_4.27/FeaturePacks/TP_FlyingBP.upack)
[2021.09.25-01.55.13:204][  0]LogPakFile: OnPakFileMounted2Time == 0.000026
[2021.09.25-01.55.13:204][  0]LogPakFile: PakFile PrimaryIndexSize=188
[2021.09.25-01.55.13:204][  0]LogPakFile: PakFile PathHashIndexSize=101
[2021.09.25-01.55.13:204][  0]LogPakFile: PakFile FullDirectoryIndexSize=150
[2021.09.25-01.55.13:204][  0]LogShaderLibrary: Display: ShaderCodeLibraryPakFileMountedCallback: PakFile 'H:/EpicGames/UE_4.27/FeaturePacks/TP_HandheldARBP.upack' (chunk index -1, root 'root:/') mounted
[2021.09.25-01.55.13:204][  0]LogShaderLibrary: Display: ShaderCodeLibraryPakFileMountedCallback: pending pak file info (ChunkID:-1 Root:root:/ File:H:/EpicGames/UE_4.27/FeaturePacks/TP_HandheldARBP.upack)
[2021.09.25-01.55.13:204][  0]LogPakFile: OnPakFileMounted2Time == 0.000027
[2021.09.25-01.55.13:205][  0]LogPakFile: PakFile PrimaryIndexSize=182
[2021.09.25-01.55.13:205][  0]LogPakFile: PakFile PathHashIndexSize=101
[2021.09.25-01.55.13:205][  0]LogPakFile: PakFile FullDirectoryIndexSize=138
[2021.09.25-01.55.13:205][  0]LogShaderLibrary: Display: ShaderCodeLibraryPakFileMountedCallback: PakFile 'H:/EpicGames/UE_4.27/FeaturePacks/TP_Puzzle.upack' (chunk index -1, root 'root:/') mounted
[2021.09.25-01.55.13:205][  0]LogShaderLibrary: Display: ShaderCodeLibraryPakFileMountedCallback: pending pak file info (ChunkID:-1 Root:root:/ File:H:/EpicGames/UE_4.27/FeaturePacks/TP_Puzzle.upack)
[2021.09.25-01.55.13:205][  0]LogPakFile: OnPakFileMounted2Time == 0.000026
[2021.09.25-01.55.13:205][  0]LogPakFile: PakFile PrimaryIndexSize=184
[2021.09.25-01.55.13:205][  0]LogPakFile: PakFile PathHashIndexSize=101
[2021.09.25-01.55.13:205][  0]LogPakFile: PakFile FullDirectoryIndexSize=142
[2021.09.25-01.55.13:205][  0]LogShaderLibrary: Display: ShaderCodeLibraryPakFileMountedCallback: PakFile 'H:/EpicGames/UE_4.27/FeaturePacks/TP_PuzzleBP.upack' (chunk index -1, root 'root:/') mounted
[2021.09.25-01.55.13:205][  0]LogShaderLibrary: Display: ShaderCodeLibraryPakFileMountedCallback: pending pak file info (ChunkID:-1 Root:root:/ File:H:/EpicGames/UE_4.27/FeaturePacks/TP_PuzzleBP.upack)
[2021.09.25-01.55.13:205][  0]LogPakFile: OnPakFileMounted2Time == 0.000026
[2021.09.25-01.55.13:206][  0]LogPakFile: PakFile PrimaryIndexSize=183
[2021.09.25-01.55.13:206][  0]LogPakFile: PakFile PathHashIndexSize=101
[2021.09.25-01.55.13:206][  0]LogPakFile: PakFile FullDirectoryIndexSize=140
[2021.09.25-01.55.13:206][  0]LogShaderLibrary: Display: ShaderCodeLibraryPakFileMountedCallback: PakFile 'H:/EpicGames/UE_4.27/FeaturePacks/TP_Rolling.upack' (chunk index -1, root 'root:/') mounted
[2021.09.25-01.55.13:206][  0]LogShaderLibrary: Display: ShaderCodeLibraryPakFileMountedCallback: pending pak file info (ChunkID:-1 Root:root:/ File:H:/EpicGames/UE_4.27/FeaturePacks/TP_Rolling.upack)
[2021.09.25-01.55.13:206][  0]LogPakFile: OnPakFileMounted2Time == 0.000027
[2021.09.25-01.55.13:206][  0]LogPakFile: PakFile PrimaryIndexSize=185
[2021.09.25-01.55.13:206][  0]LogPakFile: PakFile PathHashIndexSize=101
[2021.09.25-01.55.13:206][  0]LogPakFile: PakFile FullDirectoryIndexSize=144
[2021.09.25-01.55.13:206][  0]LogShaderLibrary: Display: ShaderCodeLibraryPakFileMountedCallback: PakFile 'H:/EpicGames/UE_4.27/FeaturePacks/TP_RollingBP.upack' (chunk index -1, root 'root:/') mounted
[2021.09.25-01.55.13:206][  0]LogShaderLibrary: Display: ShaderCodeLibraryPakFileMountedCallback: pending pak file info (ChunkID:-1 Root:root:/ File:H:/EpicGames/UE_4.27/FeaturePacks/TP_RollingBP.upack)
[2021.09.25-01.55.13:206][  0]LogPakFile: OnPakFileMounted2Time == 0.000026
[2021.09.25-01.55.13:206][  0]LogPakFile: PakFile PrimaryIndexSize=188
[2021.09.25-01.55.13:206][  0]LogPakFile: PakFile PathHashIndexSize=101
[2021.09.25-01.55.13:206][  0]LogPakFile: PakFile FullDirectoryIndexSize=150
[2021.09.25-01.55.13:206][  0]LogShaderLibrary: Display: ShaderCodeLibraryPakFileMountedCallback: PakFile 'H:/EpicGames/UE_4.27/FeaturePacks/TP_SideScroller.upack' (chunk index -1, root 'root:/') mounted
[2021.09.25-01.55.13:207][  0]LogShaderLibrary: Display: ShaderCodeLibraryPakFileMountedCallback: pending pak file info (ChunkID:-1 Root:root:/ File:H:/EpicGames/UE_4.27/FeaturePacks/TP_SideScroller.upack)
[2021.09.25-01.55.13:207][  0]LogPakFile: OnPakFileMounted2Time == 0.000029
[2021.09.25-01.55.13:207][  0]LogPakFile: PakFile PrimaryIndexSize=190
[2021.09.25-01.55.13:207][  0]LogPakFile: PakFile PathHashIndexSize=101
[2021.09.25-01.55.13:207][  0]LogPakFile: PakFile FullDirectoryIndexSize=154
[2021.09.25-01.55.13:207][  0]LogShaderLibrary: Display: ShaderCodeLibraryPakFileMountedCallback: PakFile 'H:/EpicGames/UE_4.27/FeaturePacks/TP_SideScrollerBP.upack' (chunk index -1, root 'root:/') mounted
[2021.09.25-01.55.13:207][  0]LogShaderLibrary: Display: ShaderCodeLibraryPakFileMountedCallback: pending pak file info (ChunkID:-1 Root:root:/ File:H:/EpicGames/UE_4.27/FeaturePacks/TP_SideScrollerBP.upack)
[2021.09.25-01.55.13:207][  0]LogPakFile: OnPakFileMounted2Time == 0.000026
[2021.09.25-01.55.13:207][  0]LogPakFile: PakFile PrimaryIndexSize=187
[2021.09.25-01.55.13:207][  0]LogPakFile: PakFile PathHashIndexSize=101
[2021.09.25-01.55.13:207][  0]LogPakFile: PakFile FullDirectoryIndexSize=148
[2021.09.25-01.55.13:207][  0]LogShaderLibrary: Display: ShaderCodeLibraryPakFileMountedCallback: PakFile 'H:/EpicGames/UE_4.27/FeaturePacks/TP_ThirdPerson.upack' (chunk index -1, root 'root:/') mounted
[2021.09.25-01.55.13:207][  0]LogShaderLibrary: Display: ShaderCodeLibraryPakFileMountedCallback: pending pak file info (ChunkID:-1 Root:root:/ File:H:/EpicGames/UE_4.27/FeaturePacks/TP_ThirdPerson.upack)
[2021.09.25-01.55.13:207][  0]LogPakFile: OnPakFileMounted2Time == 0.000026
[2021.09.25-01.55.13:208][  0]LogPakFile: PakFile PrimaryIndexSize=189
[2021.09.25-01.55.13:208][  0]LogPakFile: PakFile PathHashIndexSize=101
[2021.09.25-01.55.13:208][  0]LogPakFile: PakFile FullDirectoryIndexSize=152
[2021.09.25-01.55.13:208][  0]LogShaderLibrary: Display: ShaderCodeLibraryPakFileMountedCallback: PakFile 'H:/EpicGames/UE_4.27/FeaturePacks/TP_ThirdPersonBP.upack' (chunk index -1, root 'root:/') mounted
[2021.09.25-01.55.13:208][  0]LogShaderLibrary: Display: ShaderCodeLibraryPakFileMountedCallback: pending pak file info (ChunkID:-1 Root:root:/ File:H:/EpicGames/UE_4.27/FeaturePacks/TP_ThirdPersonBP.upack)
[2021.09.25-01.55.13:208][  0]LogPakFile: OnPakFileMounted2Time == 0.000026
[2021.09.25-01.55.13:208][  0]LogPakFile: PakFile PrimaryIndexSize=183
[2021.09.25-01.55.13:208][  0]LogPakFile: PakFile PathHashIndexSize=101
[2021.09.25-01.55.13:208][  0]LogPakFile: PakFile FullDirectoryIndexSize=140
[2021.09.25-01.55.13:208][  0]LogShaderLibrary: Display: ShaderCodeLibraryPakFileMountedCallback: PakFile 'H:/EpicGames/UE_4.27/FeaturePacks/TP_TopDown.upack' (chunk index -1, root 'root:/') mounted
[2021.09.25-01.55.13:208][  0]LogShaderLibrary: Display: ShaderCodeLibraryPakFileMountedCallback: pending pak file info (ChunkID:-1 Root:root:/ File:H:/EpicGames/UE_4.27/FeaturePacks/TP_TopDown.upack)
[2021.09.25-01.55.13:208][  0]LogPakFile: OnPakFileMounted2Time == 0.000031
[2021.09.25-01.55.13:208][  0]LogPakFile: PakFile PrimaryIndexSize=185
[2021.09.25-01.55.13:208][  0]LogPakFile: PakFile PathHashIndexSize=101
[2021.09.25-01.55.13:208][  0]LogPakFile: PakFile FullDirectoryIndexSize=144
[2021.09.25-01.55.13:208][  0]LogShaderLibrary: Display: ShaderCodeLibraryPakFileMountedCallback: PakFile 'H:/EpicGames/UE_4.27/FeaturePacks/TP_TopDownBP.upack' (chunk index -1, root 'root:/') mounted
[2021.09.25-01.55.13:208][  0]LogShaderLibrary: Display: ShaderCodeLibraryPakFileMountedCallback: pending pak file info (ChunkID:-1 Root:root:/ File:H:/EpicGames/UE_4.27/FeaturePacks/TP_TopDownBP.upack)
[2021.09.25-01.55.13:208][  0]LogPakFile: OnPakFileMounted2Time == 0.000026
[2021.09.25-01.55.13:209][  0]LogPakFile: PakFile PrimaryIndexSize=185
[2021.09.25-01.55.13:209][  0]LogPakFile: PakFile PathHashIndexSize=101
[2021.09.25-01.55.13:209][  0]LogPakFile: PakFile FullDirectoryIndexSize=144
[2021.09.25-01.55.13:209][  0]LogShaderLibrary: Display: ShaderCodeLibraryPakFileMountedCallback: PakFile 'H:/EpicGames/UE_4.27/FeaturePacks/TP_TwinStick.upack' (chunk index -1, root 'root:/') mounted
[2021.09.25-01.55.13:209][  0]LogShaderLibrary: Display: ShaderCodeLibraryPakFileMountedCallback: pending pak file info (ChunkID:-1 Root:root:/ File:H:/EpicGames/UE_4.27/FeaturePacks/TP_TwinStick.upack)
[2021.09.25-01.55.13:209][  0]LogPakFile: OnPakFileMounted2Time == 0.000026
[2021.09.25-01.55.13:209][  0]LogPakFile: PakFile PrimaryIndexSize=187
[2021.09.25-01.55.13:209][  0]LogPakFile: PakFile PathHashIndexSize=101
[2021.09.25-01.55.13:209][  0]LogPakFile: PakFile FullDirectoryIndexSize=148
[2021.09.25-01.55.13:209][  0]LogShaderLibrary: Display: ShaderCodeLibraryPakFileMountedCallback: PakFile 'H:/EpicGames/UE_4.27/FeaturePacks/TP_TwinStickBP.upack' (chunk index -1, root 'root:/') mounted
[2021.09.25-01.55.13:209][  0]LogShaderLibrary: Display: ShaderCodeLibraryPakFileMountedCallback: pending pak file info (ChunkID:-1 Root:root:/ File:H:/EpicGames/UE_4.27/FeaturePacks/TP_TwinStickBP.upack)
[2021.09.25-01.55.13:209][  0]LogPakFile: OnPakFileMounted2Time == 0.000026
[2021.09.25-01.55.13:210][  0]LogPakFile: PakFile PrimaryIndexSize=183
[2021.09.25-01.55.13:210][  0]LogPakFile: PakFile PathHashIndexSize=101
[2021.09.25-01.55.13:210][  0]LogPakFile: PakFile FullDirectoryIndexSize=140
[2021.09.25-01.55.13:210][  0]LogShaderLibrary: Display: ShaderCodeLibraryPakFileMountedCallback: PakFile 'H:/EpicGames/UE_4.27/FeaturePacks/TP_Vehicle.upack' (chunk index -1, root 'root:/') mounted
[2021.09.25-01.55.13:210][  0]LogShaderLibrary: Display: ShaderCodeLibraryPakFileMountedCallback: pending pak file info (ChunkID:-1 Root:root:/ File:H:/EpicGames/UE_4.27/FeaturePacks/TP_Vehicle.upack)
[2021.09.25-01.55.13:210][  0]LogPakFile: OnPakFileMounted2Time == 0.000029
[2021.09.25-01.55.13:210][  0]LogPakFile: PakFile PrimaryIndexSize=186
[2021.09.25-01.55.13:210][  0]LogPakFile: PakFile PathHashIndexSize=101
[2021.09.25-01.55.13:210][  0]LogPakFile: PakFile FullDirectoryIndexSize=146
[2021.09.25-01.55.13:210][  0]LogShaderLibrary: Display: ShaderCodeLibraryPakFileMountedCallback: PakFile 'H:/EpicGames/UE_4.27/FeaturePacks/TP_VehicleAdv.upack' (chunk index -1, root 'root:/') mounted
[2021.09.25-01.55.13:210][  0]LogShaderLibrary: Display: ShaderCodeLibraryPakFileMountedCallback: pending pak file info (ChunkID:-1 Root:root:/ File:H:/EpicGames/UE_4.27/FeaturePacks/TP_VehicleAdv.upack)
[2021.09.25-01.55.13:210][  0]LogPakFile: OnPakFileMounted2Time == 0.000027
[2021.09.25-01.55.13:210][  0]LogPakFile: PakFile PrimaryIndexSize=188
[2021.09.25-01.55.13:210][  0]LogPakFile: PakFile PathHashIndexSize=101
[2021.09.25-01.55.13:210][  0]LogPakFile: PakFile FullDirectoryIndexSize=150
[2021.09.25-01.55.13:210][  0]LogShaderLibrary: Display: ShaderCodeLibraryPakFileMountedCallback: PakFile 'H:/EpicGames/UE_4.27/FeaturePacks/TP_VehicleAdvBP.upack' (chunk index -1, root 'root:/') mounted
[2021.09.25-01.55.13:210][  0]LogShaderLibrary: Display: ShaderCodeLibraryPakFileMountedCallback: pending pak file info (ChunkID:-1 Root:root:/ File:H:/EpicGames/UE_4.27/FeaturePacks/TP_VehicleAdvBP.upack)
[2021.09.25-01.55.13:210][  0]LogPakFile: OnPakFileMounted2Time == 0.000026
[2021.09.25-01.55.13:211][  0]LogPakFile: PakFile PrimaryIndexSize=185
[2021.09.25-01.55.13:211][  0]LogPakFile: PakFile PathHashIndexSize=101
[2021.09.25-01.55.13:211][  0]LogPakFile: PakFile FullDirectoryIndexSize=144
[2021.09.25-01.55.13:211][  0]LogShaderLibrary: Display: ShaderCodeLibraryPakFileMountedCallback: PakFile 'H:/EpicGames/UE_4.27/FeaturePacks/TP_VehicleBP.upack' (chunk index -1, root 'root:/') mounted
[2021.09.25-01.55.13:211][  0]LogShaderLibrary: Display: ShaderCodeLibraryPakFileMountedCallback: pending pak file info (ChunkID:-1 Root:root:/ File:H:/EpicGames/UE_4.27/FeaturePacks/TP_VehicleBP.upack)
[2021.09.25-01.55.13:211][  0]LogPakFile: OnPakFileMounted2Time == 0.000027
[2021.09.25-01.55.13:211][  0]LogPakFile: PakFile PrimaryIndexSize=192
[2021.09.25-01.55.13:211][  0]LogPakFile: PakFile PathHashIndexSize=101
[2021.09.25-01.55.13:211][  0]LogPakFile: PakFile FullDirectoryIndexSize=158
[2021.09.25-01.55.13:211][  0]LogShaderLibrary: Display: ShaderCodeLibraryPakFileMountedCallback: PakFile 'H:/EpicGames/UE_4.27/FeaturePacks/TP_VirtualRealityBP.upack' (chunk index -1, root 'root:/') mounted
[2021.09.25-01.55.13:211][  0]LogShaderLibrary: Display: ShaderCodeLibraryPakFileMountedCallback: pending pak file info (ChunkID:-1 Root:root:/ File:H:/EpicGames/UE_4.27/FeaturePacks/TP_VirtualRealityBP.upack)
[2021.09.25-01.55.13:211][  0]LogPakFile: OnPakFileMounted2Time == 0.000026
[2021.09.25-01.55.13:241][  0]LogSlate: The tab "/AssetsCleaner/AssetsCleaner.AssetsCleaner_ActiveTab" attempted to spawn in layout 'LevelEditor_Layout_v1.2' but failed for some reason. It will not be displayed.
[2021.09.25-01.55.13:670][  0]LogSlate: Only BGRA pngs, bmps or icos are supported in by External Image Picker
[2021.09.25-01.55.13:720][  0]LogNativeClassHierarchy: Verbose: Native class hierarchy populated in 0.0087 seconds. Added 3824 classes and 931 folders.
[2021.09.25-01.55.13:737][  0]LogSlate: Took 0.000118 seconds to synchronously load lazily loaded font '../../../Engine/Content/Slate/Fonts/Roboto-Regular.ttf' (155K)
[2021.09.25-01.55.13:739][  0]LogSlate: Took 0.000106 seconds to synchronously load lazily loaded font '../../../Engine/Content/Editor/Slate/Fonts/FontAwesome.ttf' (139K)
[2021.09.25-01.55.13:739][  0]LogSlate: Took 0.000076 seconds to synchronously load lazily loaded font '../../../Engine/Content/Slate/Fonts/Roboto-Bold.ttf' (160K)
[2021.09.25-01.55.13:813][  0]LogRenderer: Reallocating scene render targets to support 1192x556 Format 10 NumSamples 1 (Frame:1).
[2021.09.25-01.55.14:218][  0]LogNativeClassHierarchy: Verbose: Native class hierarchy updated for 'HierarchicalLODOutliner' in 0.0002 seconds. Added 0 classes and 0 folders.
[2021.09.25-01.55.14:219][  0]LogInput: Warning: Action SetDestination uses invalid key OculusGo_Left_Trigger_Click.
[2021.09.25-01.55.14:219][  0]LogInput: Warning: Action ResetVR uses invalid key OculusGo_Left_Back_Click.
[2021.09.25-01.55.14:219][  0]LogInput: Warning: Use -RemoveInvalidKeys to remove instances of these keys from the action mapping.
[2021.09.25-01.55.14:219][  0]LogLoad: (Engine Initialization) Total time: 18.31 seconds
[2021.09.25-01.55.14:219][  0]LogLoad: (Engine Initialization) Total Blueprint compile time: 0.00 seconds
[2021.09.25-01.55.14:689][  0]LogContentStreaming: Texture pool size now 1000 MB
[2021.09.25-01.55.15:849][  2]LogSlate: Took 0.000137 seconds to synchronously load lazily loaded font '../../../Engine/Content/Slate/Fonts/Roboto-Light.ttf' (167K)
[2021.09.25-01.55.21:845][591]LogAssetRegistry: Asset discovery search completed in 23.0003 seconds
[2021.09.25-01.55.21:849][591]LogCollectionManager: Fixed up redirectors for 0 collections in 0.000000 seconds (updated 0 objects)
[2021.09.25-01.55.48:218][672]LogSourceControl: Warning: 'G:/_UNREAL.GIT.WORK/Monuments/' is not part of a Git repository
[2021.09.25-01.56.10:665][338]SourceControl: Error: fatal: not a git repository (or any of the parent directories): .git
[2021.09.25-01.56.10:665][338]SourceControl: Error: fatal: not a git repository (or any of the parent directories): .git
[2021.09.25-01.56.11:009][338]SourceControl: Error: Connection Error: Failed to enable Git source control. You need to initialize the project as a Git repository first.
[2021.09.25-02.12.56:868][249]LogSlate: Window 'Source Control Login' being destroyed
[2021.09.25-02.13.06:132][319]LogSlate: Window 'Source Control Login' being destroyed
[2021.09.25-02.15.02:084][944]LogSlate: Window 'Source Control Login' being destroyed
[2021.09.25-02.15.08:642][687]LogSlate: Window 'Source Control Login' being destroyed
[2021.09.25-02.15.18:100][709]SourceControl: Error: warning: LF will be replaced by CRLF in .gitattributes.
[2021.09.25-02.15.18:100][709]SourceControl: Error: The file will have its original line endings in your working directory
[2021.09.25-02.15.18:100][709]SourceControl: Error: warning: LF will be replaced by CRLF in .gitignore.
[2021.09.25-02.15.18:100][709]SourceControl: Error: The file will have its original line endings in your working directory
[2021.09.25-02.15.18:100][709]SourceControl: Error: warning: LF will be replaced by CRLF in README.md.
[2021.09.25-02.15.18:100][709]SourceControl: Error: The file will have its original line endings in your working directory
[2021.09.25-02.15.18:472][719]LogSourceControl: commit successful: [master f319813] Initial commit
[2021.09.25-02.15.18:475][720]SourceControl: [master f319813] Initial commit
[2021.09.25-02.15.18:475][720]SourceControl:  3 files changed, 18 insertions(+), 2 deletions(-)
[2021.09.25-02.15.18:475][720]SourceControl:  create mode 100644 .gitignore
[2021.09.25-02.15.18:475][720]SourceControl:  create mode 100644 README.md
[2021.09.25-02.15.22:866][206]LogSlate: Window 'Source Control Login' being destroyed
